{"meta": {"format": 3, "version": "7.10.2", "timestamp": "2025-08-24T12:59:40.020578", "branch_coverage": false, "show_contexts": false}, "files": {"app.py": {"executed_lines": [1, 2, 3, 4, 5, 7, 8, 9, 10, 13, 14, 15, 20, 21, 22, 23, 24, 25, 36, 38, 39, 41, 43, 45, 46, 50, 54, 81, 108, 120, 157, 168, 169, 170, 171, 172, 173, 174, 175, 176, 177, 178, 179, 182, 184, 185, 186, 187, 188, 191, 194, 195, 196, 197, 198, 199, 200, 201, 202, 203, 204, 205, 206, 207, 208, 209, 210, 214, 215, 217, 218, 220, 221, 223, 225, 226, 229, 230, 231, 232, 237, 238, 239, 240, 246, 247, 248, 249, 250, 251, 252, 253, 254, 255, 256, 257, 258, 259, 260, 261, 262, 263, 264, 266, 267, 268, 269, 270, 271, 272, 273, 274, 275, 276, 277, 278, 279, 280, 281, 282, 284, 299, 300, 316, 317, 345, 346, 370, 371, 372, 373, 374, 375, 376, 377, 378, 379, 380, 381, 383, 384, 385, 386, 387, 388, 389, 390, 391, 392, 393, 394, 395, 396, 397, 399, 400, 401, 402, 403, 404, 405, 406, 407, 408, 410, 411, 412, 413, 414, 415, 416, 417, 418, 419, 420, 421, 422, 424, 433, 435, 436, 438, 440, 441, 444, 445, 448, 460, 461, 468, 470, 473, 474, 477, 478, 479, 480, 481, 482, 483, 484, 487, 494, 496, 509, 511, 514, 517, 520, 523, 525, 529, 573, 574, 579, 580, 581, 582, 583, 585, 586, 588, 593, 595, 596, 602, 603, 604, 607, 608, 609, 612, 615, 619, 620, 623, 624, 628, 629, 632, 638, 646, 647, 648, 652, 653, 654, 656, 657, 658, 674, 676, 677, 678, 679, 680, 681, 700, 701, 754, 755, 756, 757, 779, 780, 781, 782, 812, 813, 814, 815, 856, 857, 891, 892, 942, 943, 999, 1000, 1032, 1033, 1068, 1069, 1108, 1109, 1122, 1123, 1180, 1181, 1182, 1183, 1184, 1190, 1191, 1192, 1193, 1194, 1254, 1255, 1290, 1291, 1292, 1293, 1294, 1316, 1317, 1340, 1341, 1344, 1350, 1356, 1357, 1358, 1359, 1422, 1423, 1446, 1447, 1448, 1449, 1450, 1492, 1493, 1501, 1502, 1540, 1541, 1610, 1611, 1646, 1647, 1673, 1674, 1732, 1733, 1759, 1760, 1820, 1821, 1847, 1848, 1920, 1921, 1984, 1985, 2017, 2018, 2019, 2020, 2074, 2075, 2115, 2116, 2150, 2151, 2183, 2184, 2211, 2212, 2240, 2353, 2354, 2355, 2356, 2364, 2365, 2405, 2406, 2448, 2449, 2473, 2474, 2475, 2476, 2554, 2555, 2595, 2596, 2628, 2629, 2630, 2631, 2654, 2655, 2665, 2666, 2678, 2679, 2706, 2707, 2749], "summary": {"covered_lines": 391, "num_statements": 1677, "percent_covered": 23.315444245676805, "percent_covered_display": "23", "missing_lines": 1286, "excluded_lines": 0}, "missing_lines": [16, 17, 18, 26, 27, 28, 44, 56, 58, 59, 60, 63, 64, 65, 66, 67, 68, 69, 70, 72, 73, 74, 75, 76, 77, 78, 79, 83, 85, 86, 87, 90, 91, 92, 93, 94, 95, 96, 97, 99, 100, 101, 102, 103, 104, 105, 106, 110, 113, 114, 116, 117, 118, 122, 124, 125, 126, 129, 130, 131, 132, 133, 134, 135, 136, 139, 140, 141, 144, 145, 148, 150, 151, 152, 153, 154, 155, 159, 161, 162, 163, 164, 165, 227, 233, 234, 235, 241, 242, 286, 287, 288, 289, 290, 292, 294, 295, 296, 297, 302, 303, 304, 305, 306, 308, 309, 311, 312, 313, 314, 319, 320, 321, 322, 323, 325, 326, 328, 330, 331, 332, 334, 335, 336, 338, 339, 340, 341, 342, 343, 348, 349, 350, 351, 353, 355, 356, 357, 359, 360, 361, 363, 364, 365, 366, 367, 368, 426, 427, 429, 430, 462, 463, 465, 488, 489, 490, 491, 492, 499, 500, 503, 504, 505, 507, 512, 515, 518, 521, 527, 531, 532, 535, 537, 539, 541, 543, 546, 547, 549, 559, 569, 570, 575, 576, 577, 589, 590, 591, 597, 598, 599, 616, 617, 625, 626, 635, 636, 649, 650, 659, 660, 662, 663, 664, 666, 667, 668, 671, 672, 683, 684, 685, 686, 688, 689, 691, 693, 694, 696, 698, 702, 703, 704, 705, 707, 708, 709, 710, 712, 713, 714, 716, 717, 718, 721, 722, 723, 724, 725, 728, 729, 730, 733, 734, 737, 739, 742, 746, 747, 749, 750, 752, 760, 761, 762, 763, 766, 769, 771, 785, 786, 789, 801, 802, 805, 806, 808, 810, 817, 819, 821, 839, 840, 843, 851, 852, 854, 858, 859, 862, 863, 866, 880, 881, 884, 885, 887, 889, 893, 894, 896, 898, 901, 902, 903, 904, 905, 906, 907, 909, 925, 926, 929, 937, 938, 940, 944, 945, 947, 949, 951, 952, 954, 955, 956, 957, 958, 959, 960, 961, 962, 963, 964, 965, 968, 969, 970, 971, 972, 973, 975, 977, 980, 981, 982, 983, 984, 986, 994, 995, 997, 1001, 1002, 1005, 1006, 1009, 1021, 1022, 1025, 1026, 1028, 1030, 1034, 1035, 1037, 1039, 1041, 1051, 1052, 1055, 1063, 1064, 1066, 1070, 1071, 1073, 1075, 1077, 1079, 1080, 1081, 1082, 1083, 1084, 1085, 1086, 1088, 1091, 1092, 1093, 1095, 1103, 1104, 1106, 1110, 1111, 1113, 1114, 1115, 1116, 1117, 1118, 1119, 1120, 1124, 1125, 1127, 1128, 1130, 1133, 1134, 1135, 1137, 1138, 1139, 1140, 1142, 1154, 1155, 1158, 1166, 1167, 1168, 1169, 1170, 1171, 1173, 1174, 1175, 1176, 1177, 1178, 1186, 1187, 1188, 1196, 1198, 1199, 1201, 1204, 1207, 1208, 1209, 1212, 1213, 1214, 1217, 1227, 1228, 1229, 1231, 1243, 1244, 1245, 1246, 1247, 1248, 1256, 1257, 1258, 1261, 1262, 1263, 1264, 1267, 1275, 1276, 1279, 1280, 1284, 1288, 1296, 1297, 1299, 1301, 1302, 1303, 1305, 1306, 1307, 1308, 1309, 1310, 1312, 1314, 1318, 1319, 1320, 1322, 1324, 1326, 1327, 1328, 1330, 1331, 1333, 1334, 1335, 1336, 1338, 1345, 1346, 1347, 1351, 1352, 1353, 1361, 1362, 1365, 1366, 1368, 1370, 1371, 1372, 1373, 1374, 1375, 1377, 1378, 1380, 1383, 1391, 1392, 1393, 1394, 1395, 1398, 1399, 1401, 1404, 1407, 1409, 1410, 1411, 1413, 1414, 1415, 1416, 1417, 1418, 1420, 1424, 1425, 1426, 1428, 1430, 1432, 1433, 1434, 1436, 1437, 1439, 1440, 1441, 1442, 1444, 1452, 1453, 1454, 1455, 1457, 1458, 1459, 1460, 1463, 1464, 1466, 1467, 1468, 1470, 1471, 1472, 1474, 1475, 1478, 1479, 1481, 1482, 1483, 1484, 1486, 1488, 1489, 1494, 1495, 1496, 1498, 1499, 1503, 1504, 1505, 1508, 1509, 1510, 1511, 1512, 1513, 1514, 1517, 1520, 1521, 1526, 1538, 1542, 1543, 1544, 1546, 1547, 1548, 1550, 1551, 1552, 1554, 1555, 1556, 1558, 1559, 1560, 1561, 1562, 1564, 1565, 1566, 1568, 1569, 1570, 1571, 1572, 1573, 1574, 1575, 1577, 1578, 1588, 1589, 1592, 1593, 1594, 1595, 1596, 1601, 1602, 1603, 1604, 1605, 1606, 1608, 1612, 1613, 1614, 1616, 1617, 1618, 1620, 1621, 1633, 1634, 1635, 1637, 1638, 1640, 1641, 1642, 1644, 1648, 1649, 1650, 1652, 1653, 1655, 1657, 1661, 1662, 1664, 1666, 1667, 1668, 1669, 1671, 1675, 1676, 1677, 1679, 1680, 1681, 1682, 1683, 1686, 1687, 1688, 1689, 1691, 1692, 1693, 1695, 1696, 1697, 1698, 1699, 1701, 1702, 1703, 1705, 1706, 1707, 1708, 1709, 1710, 1711, 1712, 1713, 1716, 1717, 1724, 1726, 1734, 1735, 1736, 1738, 1739, 1741, 1743, 1747, 1748, 1750, 1752, 1753, 1754, 1755, 1757, 1761, 1762, 1763, 1765, 1766, 1767, 1768, 1769, 1772, 1773, 1774, 1775, 1777, 1778, 1779, 1781, 1782, 1783, 1784, 1785, 1787, 1788, 1789, 1791, 1792, 1793, 1794, 1795, 1796, 1797, 1798, 1799, 1802, 1803, 1812, 1814, 1822, 1823, 1824, 1826, 1827, 1829, 1831, 1835, 1836, 1838, 1840, 1841, 1842, 1843, 1845, 1849, 1850, 1851, 1853, 1854, 1855, 1856, 1857, 1858, 1859, 1860, 1861, 1862, 1865, 1866, 1867, 1869, 1870, 1871, 1873, 1874, 1875, 1877, 1878, 1879, 1882, 1883, 1884, 1885, 1886, 1889, 1890, 1891, 1903, 1904, 1905, 1908, 1910, 1911, 1912, 1913, 1914, 1915, 1916, 1918, 1922, 1923, 1924, 1926, 1928, 1929, 1930, 1931, 1932, 1933, 1934, 1935, 1936, 1937, 1938, 1941, 1942, 1943, 1944, 1946, 1947, 1948, 1950, 1951, 1952, 1955, 1956, 1957, 1958, 1959, 1960, 1961, 1962, 1963, 1964, 1967, 1968, 1970, 1972, 1973, 1974, 1975, 1976, 1977, 1978, 1979, 1980, 1982, 1986, 1987, 1988, 1990, 1993, 1994, 1995, 1997, 1999, 2002, 2005, 2006, 2008, 2009, 2010, 2011, 2012, 2013, 2015, 2022, 2023, 2024, 2025, 2027, 2028, 2029, 2030, 2033, 2034, 2035, 2038, 2039, 2040, 2043, 2044, 2045, 2046, 2047, 2050, 2051, 2052, 2053, 2056, 2057, 2059, 2061, 2063, 2064, 2065, 2066, 2067, 2068, 2069, 2070, 2072, 2076, 2077, 2079, 2080, 2081, 2082, 2084, 2085, 2086, 2087, 2088, 2091, 2092, 2093, 2094, 2097, 2098, 2099, 2100, 2102, 2103, 2104, 2105, 2106, 2107, 2108, 2109, 2110, 2112, 2117, 2118, 2120, 2123, 2124, 2125, 2146, 2148, 2152, 2153, 2155, 2158, 2159, 2160, 2179, 2181, 2185, 2186, 2188, 2191, 2192, 2193, 2207, 2209, 2213, 2214, 2215, 2217, 2220, 2221, 2223, 2224, 2236, 2238, 2242, 2244, 2245, 2246, 2248, 2250, 2252, 2253, 2255, 2256, 2263, 2265, 2266, 2267, 2268, 2269, 2272, 2277, 2281, 2283, 2284, 2287, 2288, 2289, 2291, 2292, 2293, 2299, 2300, 2301, 2303, 2305, 2306, 2307, 2310, 2311, 2312, 2315, 2316, 2318, 2320, 2321, 2324, 2325, 2326, 2327, 2330, 2331, 2332, 2333, 2334, 2336, 2337, 2338, 2344, 2345, 2346, 2349, 2350, 2359, 2360, 2362, 2366, 2367, 2369, 2370, 2371, 2372, 2374, 2375, 2376, 2377, 2378, 2379, 2381, 2382, 2384, 2385, 2386, 2393, 2394, 2396, 2397, 2398, 2399, 2400, 2401, 2403, 2407, 2408, 2410, 2411, 2412, 2413, 2415, 2417, 2418, 2419, 2420, 2421, 2422, 2423, 2425, 2426, 2428, 2429, 2430, 2431, 2432, 2433, 2434, 2435, 2437, 2439, 2440, 2441, 2442, 2443, 2444, 2446, 2450, 2451, 2453, 2454, 2455, 2456, 2458, 2459, 2461, 2462, 2463, 2465, 2466, 2467, 2468, 2469, 2471, 2478, 2479, 2480, 2481, 2483, 2484, 2485, 2486, 2487, 2489, 2490, 2491, 2493, 2494, 2495, 2496, 2498, 2499, 2500, 2503, 2504, 2506, 2507, 2508, 2510, 2511, 2514, 2515, 2516, 2519, 2520, 2521, 2524, 2525, 2527, 2538, 2539, 2541, 2542, 2543, 2545, 2546, 2548, 2549, 2550, 2552, 2556, 2557, 2559, 2560, 2561, 2562, 2564, 2566, 2567, 2568, 2569, 2570, 2571, 2573, 2574, 2576, 2577, 2578, 2579, 2580, 2581, 2582, 2584, 2586, 2587, 2588, 2589, 2590, 2591, 2593, 2597, 2598, 2600, 2601, 2602, 2603, 2605, 2606, 2607, 2609, 2611, 2612, 2613, 2614, 2617, 2618, 2620, 2621, 2622, 2623, 2624, 2626, 2633, 2635, 2636, 2637, 2639, 2641, 2643, 2644, 2647, 2648, 2649, 2650, 2651, 2656, 2657, 2667, 2668, 2681, 2683, 2684, 2685, 2688, 2690, 2691, 2692, 2699, 2700, 2702, 2703, 2704, 2709, 2711, 2712, 2713, 2716, 2717, 2718, 2720, 2721, 2723, 2724, 2725, 2726, 2728, 2730, 2731, 2732, 2734, 2735, 2736, 2738, 2739, 2745, 2746, 2747, 2750, 2752, 2753, 2755, 2757, 2758, 2760, 2763, 2764, 2774, 2775, 2776, 2778], "excluded_lines": [], "functions": {"backup_database": {"executed_lines": [], "summary": {"covered_lines": 0, "num_statements": 20, "percent_covered": 0.0, "percent_covered_display": "0", "missing_lines": 20, "excluded_lines": 0}, "missing_lines": [56, 58, 59, 60, 63, 64, 65, 66, 67, 68, 69, 70, 72, 73, 74, 75, 76, 77, 78, 79], "excluded_lines": []}, "create_full_backup": {"executed_lines": [], "summary": {"covered_lines": 0, "num_statements": 20, "percent_covered": 0.0, "percent_covered_display": "0", "missing_lines": 20, "excluded_lines": 0}, "missing_lines": [83, 85, 86, 87, 90, 91, 92, 93, 94, 95, 96, 97, 99, 100, 101, 102, 103, 104, 105, 106], "excluded_lines": []}, "restore_database": {"executed_lines": [], "summary": {"covered_lines": 0, "num_statements": 6, "percent_covered": 0.0, "percent_covered_display": "0", "missing_lines": 6, "excluded_lines": 0}, "missing_lines": [110, 113, 114, 116, 117, 118], "excluded_lines": []}, "get_backup_files": {"executed_lines": [], "summary": {"covered_lines": 0, "num_statements": 24, "percent_covered": 0.0, "percent_covered_display": "0", "missing_lines": 24, "excluded_lines": 0}, "missing_lines": [122, 124, 125, 126, 129, 130, 131, 132, 133, 134, 135, 136, 139, 140, 141, 144, 145, 148, 150, 151, 152, 153, 154, 155], "excluded_lines": []}, "download_backup_content": {"executed_lines": [], "summary": {"covered_lines": 0, "num_statements": 6, "percent_covered": 0.0, "percent_covered_display": "0", "missing_lines": 6, "excluded_lines": 0}, "missing_lines": [159, 161, 162, 163, 164, 165], "excluded_lines": []}, "User.__init__": {"executed_lines": [218, 220, 221, 223], "summary": {"covered_lines": 4, "num_statements": 4, "percent_covered": 100.0, "percent_covered_display": "100", "missing_lines": 0, "excluded_lines": 0}, "missing_lines": [], "excluded_lines": []}, "User.full_name": {"executed_lines": [], "summary": {"covered_lines": 0, "num_statements": 1, "percent_covered": 0.0, "percent_covered_display": "0", "missing_lines": 1, "excluded_lines": 0}, "missing_lines": [227], "excluded_lines": []}, "User.is_password_expired": {"executed_lines": [231, 232], "summary": {"covered_lines": 2, "num_statements": 5, "percent_covered": 40.0, "percent_covered_display": "40", "missing_lines": 3, "excluded_lines": 0}, "missing_lines": [233, 234, 235], "excluded_lines": []}, "User.days_until_password_expiry": {"executed_lines": [239, 240], "summary": {"covered_lines": 2, "num_statements": 4, "percent_covered": 50.0, "percent_covered_display": "50", "missing_lines": 2, "excluded_lines": 0}, "missing_lines": [241, 242], "excluded_lines": []}, "Cadet.__init__": {"executed_lines": [], "summary": {"covered_lines": 0, "num_statements": 10, "percent_covered": 0.0, "percent_covered_display": "0", "missing_lines": 10, "excluded_lines": 0}, "missing_lines": [286, 287, 288, 289, 290, 292, 294, 295, 296, 297], "excluded_lines": []}, "Cadet.unenrollment_date_display": {"executed_lines": [], "summary": {"covered_lines": 0, "num_statements": 11, "percent_covered": 0.0, "percent_covered_display": "0", "missing_lines": 11, "excluded_lines": 0}, "missing_lines": [302, 303, 304, 305, 306, 308, 309, 311, 312, 313, 314], "excluded_lines": []}, "Cadet.last_modified_display": {"executed_lines": [], "summary": {"covered_lines": 0, "num_statements": 20, "percent_covered": 0.0, "percent_covered_display": "0", "missing_lines": 20, "excluded_lines": 0}, "missing_lines": [319, 320, 321, 322, 323, 325, 326, 328, 330, 331, 332, 334, 335, 336, 338, 339, 340, 341, 342, 343], "excluded_lines": []}, "Cadet.last_modified_iso": {"executed_lines": [], "summary": {"covered_lines": 0, "num_statements": 17, "percent_covered": 0.0, "percent_covered_display": "0", "missing_lines": 17, "excluded_lines": 0}, "missing_lines": [348, 349, 350, 351, 353, 355, 356, 357, 359, 360, 361, 363, 364, 365, 366, 367, 368], "excluded_lines": []}, "utc_to_local": {"executed_lines": [], "summary": {"covered_lines": 0, "num_statements": 4, "percent_covered": 0.0, "percent_covered_display": "0", "missing_lines": 4, "excluded_lines": 0}, "missing_lines": [426, 427, 429, 430], "excluded_lines": []}, "log_activity": {"executed_lines": [435, 436, 438, 440, 441, 444, 445, 448, 460, 461], "summary": {"covered_lines": 10, "num_statements": 13, "percent_covered": 76.92307692307692, "percent_covered_display": "77", "missing_lines": 3, "excluded_lines": 0}, "missing_lines": [462, 463, 465], "excluded_lines": []}, "validate_password": {"executed_lines": [470, 473, 474, 477, 478, 479, 480, 481, 482, 483, 484, 487, 494], "summary": {"covered_lines": 13, "num_statements": 18, "percent_covered": 72.22222222222223, "percent_covered_display": "72", "missing_lines": 5, "excluded_lines": 0}, "missing_lines": [488, 489, 490, 491, 492], "excluded_lines": []}, "update_password_history": {"executed_lines": [], "summary": {"covered_lines": 0, "num_statements": 6, "percent_covered": 0.0, "percent_covered_display": "0", "missing_lines": 6, "excluded_lines": 0}, "missing_lines": [499, 500, 503, 504, 505, 507], "excluded_lines": []}, "check_user_access": {"executed_lines": [511, 514, 517, 520, 523], "summary": {"covered_lines": 5, "num_statements": 9, "percent_covered": 55.55555555555556, "percent_covered_display": "56", "missing_lines": 4, "excluded_lines": 0}, "missing_lines": [512, 515, 518, 521], "excluded_lines": []}, "validate_secret_answer": {"executed_lines": [], "summary": {"covered_lines": 0, "num_statements": 1, "percent_covered": 0.0, "percent_covered_display": "0", "missing_lines": 1, "excluded_lines": 0}, "missing_lines": [527], "excluded_lines": []}, "get_cadet_retention_data": {"executed_lines": [], "summary": {"covered_lines": 0, "num_statements": 13, "percent_covered": 0.0, "percent_covered_display": "0", "missing_lines": 13, "excluded_lines": 0}, "missing_lines": [531, 532, 535, 537, 539, 541, 543, 546, 547, 549, 559, 569, 570], "excluded_lines": []}, "index": {"executed_lines": [], "summary": {"covered_lines": 0, "num_statements": 3, "percent_covered": 0.0, "percent_covered_display": "0", "missing_lines": 3, "excluded_lines": 0}, "missing_lines": [575, 576, 577], "excluded_lines": []}, "login": {"executed_lines": [581, 582, 583, 585, 586, 588, 593, 595, 596, 602, 603, 604, 607, 608, 609, 612, 615, 619, 620, 623, 624, 628, 629, 632, 638], "summary": {"covered_lines": 25, "num_statements": 37, "percent_covered": 67.56756756756756, "percent_covered_display": "68", "missing_lines": 12, "excluded_lines": 0}, "missing_lines": [589, 590, 591, 597, 598, 599, 616, 617, 625, 626, 635, 636], "excluded_lines": []}, "logout": {"executed_lines": [648, 652, 653, 654], "summary": {"covered_lines": 4, "num_statements": 6, "percent_covered": 66.66666666666667, "percent_covered_display": "67", "missing_lines": 2, "excluded_lines": 0}, "missing_lines": [649, 650], "excluded_lines": []}, "forgot_password": {"executed_lines": [658, 674], "summary": {"covered_lines": 2, "num_statements": 12, "percent_covered": 16.666666666666668, "percent_covered_display": "17", "missing_lines": 10, "excluded_lines": 0}, "missing_lines": [659, 660, 662, 663, 664, 666, 667, 668, 671, 672], "excluded_lines": []}, "reset_password_question": {"executed_lines": [678, 679, 680, 681], "summary": {"covered_lines": 4, "num_statements": 15, "percent_covered": 26.666666666666668, "percent_covered_display": "27", "missing_lines": 11, "excluded_lines": 0}, "missing_lines": [683, 684, 685, 686, 688, 689, 691, 693, 694, 696, 698], "excluded_lines": []}, "reset_password": {"executed_lines": [], "summary": {"covered_lines": 0, "num_statements": 32, "percent_covered": 0.0, "percent_covered_display": "0", "missing_lines": 32, "excluded_lines": 0}, "missing_lines": [702, 703, 704, 705, 707, 708, 709, 710, 712, 713, 714, 716, 717, 718, 721, 722, 723, 724, 725, 728, 729, 730, 733, 734, 737, 739, 742, 746, 747, 749, 750, 752], "excluded_lines": []}, "dashboard": {"executed_lines": [756, 757], "summary": {"covered_lines": 2, "num_statements": 9, "percent_covered": 22.22222222222222, "percent_covered_display": "22", "missing_lines": 7, "excluded_lines": 0}, "missing_lines": [760, 761, 762, 763, 766, 769, 771], "excluded_lines": []}, "recruits": {"executed_lines": [781, 782], "summary": {"covered_lines": 2, "num_statements": 11, "percent_covered": 18.181818181818183, "percent_covered_display": "18", "missing_lines": 9, "excluded_lines": 0}, "missing_lines": [785, 786, 789, 801, 802, 805, 806, 808, 810], "excluded_lines": []}, "add_recruit": {"executed_lines": [814, 815], "summary": {"covered_lines": 2, "num_statements": 11, "percent_covered": 18.181818181818183, "percent_covered_display": "18", "missing_lines": 9, "excluded_lines": 0}, "missing_lines": [817, 819, 821, 839, 840, 843, 851, 852, 854], "excluded_lines": []}, "cadet": {"executed_lines": [], "summary": {"covered_lines": 0, "num_statements": 11, "percent_covered": 0.0, "percent_covered_display": "0", "missing_lines": 11, "excluded_lines": 0}, "missing_lines": [858, 859, 862, 863, 866, 880, 881, 884, 885, 887, 889], "excluded_lines": []}, "add_cadet": {"executed_lines": [], "summary": {"covered_lines": 0, "num_statements": 18, "percent_covered": 0.0, "percent_covered_display": "0", "missing_lines": 18, "excluded_lines": 0}, "missing_lines": [893, 894, 896, 898, 901, 902, 903, 904, 905, 906, 907, 909, 925, 926, 929, 937, 938, 940], "excluded_lines": []}, "edit_cadet": {"executed_lines": [], "summary": {"covered_lines": 0, "num_statements": 35, "percent_covered": 0.0, "percent_covered_display": "0", "missing_lines": 35, "excluded_lines": 0}, "missing_lines": [944, 945, 947, 949, 951, 952, 954, 955, 956, 957, 958, 959, 960, 961, 962, 963, 964, 965, 968, 969, 970, 971, 972, 973, 975, 977, 980, 981, 982, 983, 984, 986, 994, 995, 997], "excluded_lines": []}, "contacts": {"executed_lines": [], "summary": {"covered_lines": 0, "num_statements": 11, "percent_covered": 0.0, "percent_covered_display": "0", "missing_lines": 11, "excluded_lines": 0}, "missing_lines": [1001, 1002, 1005, 1006, 1009, 1021, 1022, 1025, 1026, 1028, 1030], "excluded_lines": []}, "add_contact": {"executed_lines": [], "summary": {"covered_lines": 0, "num_statements": 11, "percent_covered": 0.0, "percent_covered_display": "0", "missing_lines": 11, "excluded_lines": 0}, "missing_lines": [1034, 1035, 1037, 1039, 1041, 1051, 1052, 1055, 1063, 1064, 1066], "excluded_lines": []}, "edit_contact": {"executed_lines": [], "summary": {"covered_lines": 0, "num_statements": 21, "percent_covered": 0.0, "percent_covered_display": "0", "missing_lines": 21, "excluded_lines": 0}, "missing_lines": [1070, 1071, 1073, 1075, 1077, 1079, 1080, 1081, 1082, 1083, 1084, 1085, 1086, 1088, 1091, 1092, 1093, 1095, 1103, 1104, 1106], "excluded_lines": []}, "calendar": {"executed_lines": [], "summary": {"covered_lines": 0, "num_statements": 10, "percent_covered": 0.0, "percent_covered_display": "0", "missing_lines": 10, "excluded_lines": 0}, "missing_lines": [1110, 1111, 1113, 1114, 1115, 1116, 1117, 1118, 1119, 1120], "excluded_lines": []}, "add_event": {"executed_lines": [], "summary": {"covered_lines": 0, "num_statements": 28, "percent_covered": 0.0, "percent_covered_display": "0", "missing_lines": 28, "excluded_lines": 0}, "missing_lines": [1124, 1125, 1127, 1128, 1130, 1133, 1134, 1135, 1137, 1138, 1139, 1140, 1142, 1154, 1155, 1158, 1166, 1167, 1168, 1169, 1170, 1171, 1173, 1174, 1175, 1176, 1177, 1178], "excluded_lines": []}, "admin": {"executed_lines": [1182, 1183, 1184], "summary": {"covered_lines": 3, "num_statements": 6, "percent_covered": 50.0, "percent_covered_display": "50", "missing_lines": 3, "excluded_lines": 0}, "missing_lines": [1186, 1187, 1188], "excluded_lines": []}, "database_management": {"executed_lines": [1192, 1193, 1194], "summary": {"covered_lines": 3, "num_statements": 25, "percent_covered": 12.0, "percent_covered_display": "12", "missing_lines": 22, "excluded_lines": 0}, "missing_lines": [1196, 1198, 1199, 1201, 1204, 1207, 1208, 1209, 1212, 1213, 1214, 1217, 1227, 1228, 1229, 1231, 1243, 1244, 1245, 1246, 1247, 1248], "excluded_lines": []}, "activity_log": {"executed_lines": [], "summary": {"covered_lines": 0, "num_statements": 14, "percent_covered": 0.0, "percent_covered_display": "0", "missing_lines": 14, "excluded_lines": 0}, "missing_lines": [1256, 1257, 1258, 1261, 1262, 1263, 1264, 1267, 1275, 1276, 1279, 1280, 1284, 1288], "excluded_lines": []}, "backup": {"executed_lines": [1292, 1293, 1294], "summary": {"covered_lines": 3, "num_statements": 17, "percent_covered": 17.647058823529413, "percent_covered_display": "18", "missing_lines": 14, "excluded_lines": 0}, "missing_lines": [1296, 1297, 1299, 1301, 1302, 1303, 1305, 1306, 1307, 1308, 1309, 1310, 1312, 1314], "excluded_lines": []}, "full_backup": {"executed_lines": [], "summary": {"covered_lines": 0, "num_statements": 15, "percent_covered": 0.0, "percent_covered_display": "0", "missing_lines": 15, "excluded_lines": 0}, "missing_lines": [1318, 1319, 1320, 1322, 1324, 1326, 1327, 1328, 1330, 1331, 1333, 1334, 1335, 1336, 1338], "excluded_lines": []}, "download_backup": {"executed_lines": [1344, 1350, 1356, 1357, 1358, 1359], "summary": {"covered_lines": 6, "num_statements": 47, "percent_covered": 12.76595744680851, "percent_covered_display": "13", "missing_lines": 41, "excluded_lines": 0}, "missing_lines": [1345, 1346, 1347, 1351, 1352, 1353, 1361, 1362, 1365, 1366, 1368, 1370, 1371, 1372, 1373, 1374, 1375, 1377, 1378, 1380, 1383, 1391, 1392, 1393, 1394, 1395, 1398, 1399, 1401, 1404, 1407, 1409, 1410, 1411, 1413, 1414, 1415, 1416, 1417, 1418, 1420], "excluded_lines": []}, "delete_backup": {"executed_lines": [], "summary": {"covered_lines": 0, "num_statements": 15, "percent_covered": 0.0, "percent_covered_display": "0", "missing_lines": 15, "excluded_lines": 0}, "missing_lines": [1424, 1425, 1426, 1428, 1430, 1432, 1433, 1434, 1436, 1437, 1439, 1440, 1441, 1442, 1444], "excluded_lines": []}, "restore": {"executed_lines": [1448, 1449, 1450], "summary": {"covered_lines": 3, "num_statements": 30, "percent_covered": 10.0, "percent_covered_display": "10", "missing_lines": 27, "excluded_lines": 0}, "missing_lines": [1452, 1453, 1454, 1455, 1457, 1458, 1459, 1460, 1463, 1464, 1466, 1467, 1468, 1470, 1471, 1472, 1474, 1475, 1478, 1479, 1481, 1482, 1483, 1484, 1486, 1488, 1489], "excluded_lines": []}, "user_management": {"executed_lines": [], "summary": {"covered_lines": 0, "num_statements": 5, "percent_covered": 0.0, "percent_covered_display": "0", "missing_lines": 5, "excluded_lines": 0}, "missing_lines": [1494, 1495, 1496, 1498, 1499], "excluded_lines": []}, "system_statistics": {"executed_lines": [], "summary": {"covered_lines": 0, "num_statements": 15, "percent_covered": 0.0, "percent_covered_display": "0", "missing_lines": 15, "excluded_lines": 0}, "missing_lines": [1503, 1504, 1505, 1508, 1509, 1510, 1511, 1512, 1513, 1514, 1517, 1520, 1521, 1526, 1538], "excluded_lines": []}, "code_coverage": {"executed_lines": [], "summary": {"covered_lines": 0, "num_statements": 44, "percent_covered": 0.0, "percent_covered_display": "0", "missing_lines": 44, "excluded_lines": 0}, "missing_lines": [1542, 1543, 1544, 1546, 1547, 1548, 1550, 1551, 1552, 1554, 1555, 1556, 1558, 1559, 1560, 1561, 1562, 1564, 1565, 1566, 1568, 1569, 1570, 1571, 1572, 1573, 1574, 1575, 1577, 1578, 1588, 1589, 1592, 1593, 1594, 1595, 1596, 1601, 1602, 1603, 1604, 1605, 1606, 1608], "excluded_lines": []}, "generate_coverage_report": {"executed_lines": [], "summary": {"covered_lines": 0, "num_statements": 17, "percent_covered": 0.0, "percent_covered_display": "0", "missing_lines": 17, "excluded_lines": 0}, "missing_lines": [1612, 1613, 1614, 1616, 1617, 1618, 1620, 1621, 1633, 1634, 1635, 1637, 1638, 1640, 1641, 1642, 1644], "excluded_lines": []}, "run_code_coverage": {"executed_lines": [], "summary": {"covered_lines": 0, "num_statements": 15, "percent_covered": 0.0, "percent_covered_display": "0", "missing_lines": 15, "excluded_lines": 0}, "missing_lines": [1648, 1649, 1650, 1652, 1653, 1655, 1657, 1661, 1662, 1664, 1666, 1667, 1668, 1669, 1671], "excluded_lines": []}, "quality_analysis": {"executed_lines": [], "summary": {"covered_lines": 0, "num_statements": 36, "percent_covered": 0.0, "percent_covered_display": "0", "missing_lines": 36, "excluded_lines": 0}, "missing_lines": [1675, 1676, 1677, 1679, 1680, 1681, 1682, 1683, 1686, 1687, 1688, 1689, 1691, 1692, 1693, 1695, 1696, 1697, 1698, 1699, 1701, 1702, 1703, 1705, 1706, 1707, 1708, 1709, 1710, 1711, 1712, 1713, 1716, 1717, 1724, 1726], "excluded_lines": []}, "run_quality_analysis": {"executed_lines": [], "summary": {"covered_lines": 0, "num_statements": 15, "percent_covered": 0.0, "percent_covered_display": "0", "missing_lines": 15, "excluded_lines": 0}, "missing_lines": [1734, 1735, 1736, 1738, 1739, 1741, 1743, 1747, 1748, 1750, 1752, 1753, 1754, 1755, 1757], "excluded_lines": []}, "vulnerability_scan": {"executed_lines": [], "summary": {"covered_lines": 0, "num_statements": 36, "percent_covered": 0.0, "percent_covered_display": "0", "missing_lines": 36, "excluded_lines": 0}, "missing_lines": [1761, 1762, 1763, 1765, 1766, 1767, 1768, 1769, 1772, 1773, 1774, 1775, 1777, 1778, 1779, 1781, 1782, 1783, 1784, 1785, 1787, 1788, 1789, 1791, 1792, 1793, 1794, 1795, 1796, 1797, 1798, 1799, 1802, 1803, 1812, 1814], "excluded_lines": []}, "run_vulnerability_scan": {"executed_lines": [], "summary": {"covered_lines": 0, "num_statements": 15, "percent_covered": 0.0, "percent_covered_display": "0", "missing_lines": 15, "excluded_lines": 0}, "missing_lines": [1822, 1823, 1824, 1826, 1827, 1829, 1831, 1835, 1836, 1838, 1840, 1841, 1842, 1843, 1845], "excluded_lines": []}, "add_user": {"executed_lines": [], "summary": {"covered_lines": 0, "num_statements": 45, "percent_covered": 0.0, "percent_covered_display": "0", "missing_lines": 45, "excluded_lines": 0}, "missing_lines": [1849, 1850, 1851, 1853, 1854, 1855, 1856, 1857, 1858, 1859, 1860, 1861, 1862, 1865, 1866, 1867, 1869, 1870, 1871, 1873, 1874, 1875, 1877, 1878, 1879, 1882, 1883, 1884, 1885, 1886, 1889, 1890, 1891, 1903, 1904, 1905, 1908, 1910, 1911, 1912, 1913, 1914, 1915, 1916, 1918], "excluded_lines": []}, "edit_user": {"executed_lines": [], "summary": {"covered_lines": 0, "num_statements": 48, "percent_covered": 0.0, "percent_covered_display": "0", "missing_lines": 48, "excluded_lines": 0}, "missing_lines": [1922, 1923, 1924, 1926, 1928, 1929, 1930, 1931, 1932, 1933, 1934, 1935, 1936, 1937, 1938, 1941, 1942, 1943, 1944, 1946, 1947, 1948, 1950, 1951, 1952, 1955, 1956, 1957, 1958, 1959, 1960, 1961, 1962, 1963, 1964, 1967, 1968, 1970, 1972, 1973, 1974, 1975, 1976, 1977, 1978, 1979, 1980, 1982], "excluded_lines": []}, "delete_user": {"executed_lines": [], "summary": {"covered_lines": 0, "num_statements": 19, "percent_covered": 0.0, "percent_covered_display": "0", "missing_lines": 19, "excluded_lines": 0}, "missing_lines": [1986, 1987, 1988, 1990, 1993, 1994, 1995, 1997, 1999, 2002, 2005, 2006, 2008, 2009, 2010, 2011, 2012, 2013, 2015], "excluded_lines": []}, "change_password": {"executed_lines": [2019, 2020], "summary": {"covered_lines": 2, "num_statements": 38, "percent_covered": 5.2631578947368425, "percent_covered_display": "5", "missing_lines": 36, "excluded_lines": 0}, "missing_lines": [2022, 2023, 2024, 2025, 2027, 2028, 2029, 2030, 2033, 2034, 2035, 2038, 2039, 2040, 2043, 2044, 2045, 2046, 2047, 2050, 2051, 2052, 2053, 2056, 2057, 2059, 2061, 2063, 2064, 2065, 2066, 2067, 2068, 2069, 2070, 2072], "excluded_lines": []}, "profile": {"executed_lines": [], "summary": {"covered_lines": 0, "num_statements": 29, "percent_covered": 0.0, "percent_covered_display": "0", "missing_lines": 29, "excluded_lines": 0}, "missing_lines": [2076, 2077, 2079, 2080, 2081, 2082, 2084, 2085, 2086, 2087, 2088, 2091, 2092, 2093, 2094, 2097, 2098, 2099, 2100, 2102, 2103, 2104, 2105, 2106, 2107, 2108, 2109, 2110, 2112], "excluded_lines": []}, "download_recruits": {"executed_lines": [], "summary": {"covered_lines": 0, "num_statements": 8, "percent_covered": 0.0, "percent_covered_display": "0", "missing_lines": 8, "excluded_lines": 0}, "missing_lines": [2117, 2118, 2120, 2123, 2124, 2125, 2146, 2148], "excluded_lines": []}, "download_cadet": {"executed_lines": [], "summary": {"covered_lines": 0, "num_statements": 8, "percent_covered": 0.0, "percent_covered_display": "0", "missing_lines": 8, "excluded_lines": 0}, "missing_lines": [2152, 2153, 2155, 2158, 2159, 2160, 2179, 2181], "excluded_lines": []}, "download_contacts": {"executed_lines": [], "summary": {"covered_lines": 0, "num_statements": 8, "percent_covered": 0.0, "percent_covered_display": "0", "missing_lines": 8, "excluded_lines": 0}, "missing_lines": [2185, 2186, 2188, 2191, 2192, 2193, 2207, 2209], "excluded_lines": []}, "download_activity_log": {"executed_lines": [], "summary": {"covered_lines": 0, "num_statements": 10, "percent_covered": 0.0, "percent_covered_display": "0", "missing_lines": 10, "excluded_lines": 0}, "missing_lines": [2213, 2214, 2215, 2217, 2220, 2221, 2223, 2224, 2236, 2238], "excluded_lines": []}, "export_data": {"executed_lines": [], "summary": {"covered_lines": 0, "num_statements": 59, "percent_covered": 0.0, "percent_covered_display": "0", "missing_lines": 59, "excluded_lines": 0}, "missing_lines": [2242, 2244, 2245, 2246, 2248, 2250, 2252, 2253, 2255, 2256, 2263, 2265, 2266, 2267, 2268, 2269, 2272, 2277, 2281, 2283, 2284, 2287, 2288, 2289, 2291, 2292, 2293, 2299, 2300, 2301, 2303, 2305, 2306, 2307, 2310, 2311, 2312, 2315, 2316, 2318, 2320, 2321, 2324, 2325, 2326, 2327, 2330, 2331, 2332, 2333, 2334, 2336, 2337, 2338, 2344, 2345, 2346, 2349, 2350], "excluded_lines": []}, "materials": {"executed_lines": [2355, 2356], "summary": {"covered_lines": 2, "num_statements": 5, "percent_covered": 40.0, "percent_covered_display": "40", "missing_lines": 3, "excluded_lines": 0}, "missing_lines": [2359, 2360, 2362], "excluded_lines": []}, "add_external_link": {"executed_lines": [], "summary": {"covered_lines": 0, "num_statements": 26, "percent_covered": 0.0, "percent_covered_display": "0", "missing_lines": 26, "excluded_lines": 0}, "missing_lines": [2366, 2367, 2369, 2370, 2371, 2372, 2374, 2375, 2376, 2377, 2378, 2379, 2381, 2382, 2384, 2385, 2386, 2393, 2394, 2396, 2397, 2398, 2399, 2400, 2401, 2403], "excluded_lines": []}, "edit_external_link": {"executed_lines": [], "summary": {"covered_lines": 0, "num_statements": 32, "percent_covered": 0.0, "percent_covered_display": "0", "missing_lines": 32, "excluded_lines": 0}, "missing_lines": [2407, 2408, 2410, 2411, 2412, 2413, 2415, 2417, 2418, 2419, 2420, 2421, 2422, 2423, 2425, 2426, 2428, 2429, 2430, 2431, 2432, 2433, 2434, 2435, 2437, 2439, 2440, 2441, 2442, 2443, 2444, 2446], "excluded_lines": []}, "delete_external_link": {"executed_lines": [], "summary": {"covered_lines": 0, "num_statements": 17, "percent_covered": 0.0, "percent_covered_display": "0", "missing_lines": 17, "excluded_lines": 0}, "missing_lines": [2450, 2451, 2453, 2454, 2455, 2456, 2458, 2459, 2461, 2462, 2463, 2465, 2466, 2467, 2468, 2469, 2471], "excluded_lines": []}, "add_document": {"executed_lines": [2475, 2476], "summary": {"covered_lines": 2, "num_statements": 48, "percent_covered": 4.166666666666667, "percent_covered_display": "4", "missing_lines": 46, "excluded_lines": 0}, "missing_lines": [2478, 2479, 2480, 2481, 2483, 2484, 2485, 2486, 2487, 2489, 2490, 2491, 2493, 2494, 2495, 2496, 2498, 2499, 2500, 2503, 2504, 2506, 2507, 2508, 2510, 2511, 2514, 2515, 2516, 2519, 2520, 2521, 2524, 2525, 2527, 2538, 2539, 2541, 2542, 2543, 2545, 2546, 2548, 2549, 2550, 2552], "excluded_lines": []}, "edit_document": {"executed_lines": [], "summary": {"covered_lines": 0, "num_statements": 30, "percent_covered": 0.0, "percent_covered_display": "0", "missing_lines": 30, "excluded_lines": 0}, "missing_lines": [2556, 2557, 2559, 2560, 2561, 2562, 2564, 2566, 2567, 2568, 2569, 2570, 2571, 2573, 2574, 2576, 2577, 2578, 2579, 2580, 2581, 2582, 2584, 2586, 2587, 2588, 2589, 2590, 2591, 2593], "excluded_lines": []}, "delete_document": {"executed_lines": [], "summary": {"covered_lines": 0, "num_statements": 22, "percent_covered": 0.0, "percent_covered_display": "0", "missing_lines": 22, "excluded_lines": 0}, "missing_lines": [2597, 2598, 2600, 2601, 2602, 2603, 2605, 2606, 2607, 2609, 2611, 2612, 2613, 2614, 2617, 2618, 2620, 2621, 2622, 2623, 2624, 2626], "excluded_lines": []}, "download_document": {"executed_lines": [2630, 2631], "summary": {"covered_lines": 2, "num_statements": 15, "percent_covered": 13.333333333333334, "percent_covered_display": "13", "missing_lines": 13, "excluded_lines": 0}, "missing_lines": [2633, 2635, 2636, 2637, 2639, 2641, 2643, 2644, 2647, 2648, 2649, 2650, 2651], "excluded_lines": []}, "api_recruits": {"executed_lines": [], "summary": {"covered_lines": 0, "num_statements": 2, "percent_covered": 0.0, "percent_covered_display": "0", "missing_lines": 2, "excluded_lines": 0}, "missing_lines": [2656, 2657], "excluded_lines": []}, "api_cadet": {"executed_lines": [], "summary": {"covered_lines": 0, "num_statements": 2, "percent_covered": 0.0, "percent_covered_display": "0", "missing_lines": 2, "excluded_lines": 0}, "missing_lines": [2667, 2668], "excluded_lines": []}, "nightly_backup_cron": {"executed_lines": [], "summary": {"covered_lines": 0, "num_statements": 13, "percent_covered": 0.0, "percent_covered_display": "0", "missing_lines": 13, "excluded_lines": 0}, "missing_lines": [2681, 2683, 2684, 2685, 2688, 2690, 2691, 2692, 2699, 2700, 2702, 2703, 2704], "excluded_lines": []}, "backup_cleanup_cron": {"executed_lines": [], "summary": {"covered_lines": 0, "num_statements": 25, "percent_covered": 0.0, "percent_covered_display": "0", "missing_lines": 25, "excluded_lines": 0}, "missing_lines": [2709, 2711, 2712, 2713, 2716, 2717, 2718, 2720, 2721, 2723, 2724, 2725, 2726, 2728, 2730, 2731, 2732, 2734, 2735, 2736, 2738, 2739, 2745, 2746, 2747], "excluded_lines": []}, "": {"executed_lines": [1, 2, 3, 4, 5, 7, 8, 9, 10, 13, 14, 15, 20, 21, 22, 23, 24, 25, 36, 38, 39, 41, 43, 45, 46, 50, 54, 81, 108, 120, 157, 168, 169, 170, 171, 172, 173, 174, 175, 176, 177, 178, 179, 182, 184, 185, 186, 187, 188, 191, 194, 195, 196, 197, 198, 199, 200, 201, 202, 203, 204, 205, 206, 207, 208, 209, 210, 214, 215, 217, 225, 226, 229, 230, 237, 238, 246, 247, 248, 249, 250, 251, 252, 253, 254, 255, 256, 257, 258, 259, 260, 261, 262, 263, 264, 266, 267, 268, 269, 270, 271, 272, 273, 274, 275, 276, 277, 278, 279, 280, 281, 282, 284, 299, 300, 316, 317, 345, 346, 370, 371, 372, 373, 374, 375, 376, 377, 378, 379, 380, 381, 383, 384, 385, 386, 387, 388, 389, 390, 391, 392, 393, 394, 395, 396, 397, 399, 400, 401, 402, 403, 404, 405, 406, 407, 408, 410, 411, 412, 413, 414, 415, 416, 417, 418, 419, 420, 421, 422, 424, 433, 468, 496, 509, 525, 529, 573, 574, 579, 580, 646, 647, 656, 657, 676, 677, 700, 701, 754, 755, 779, 780, 812, 813, 856, 857, 891, 892, 942, 943, 999, 1000, 1032, 1033, 1068, 1069, 1108, 1109, 1122, 1123, 1180, 1181, 1190, 1191, 1254, 1255, 1290, 1291, 1316, 1317, 1340, 1341, 1422, 1423, 1446, 1447, 1492, 1493, 1501, 1502, 1540, 1541, 1610, 1611, 1646, 1647, 1673, 1674, 1732, 1733, 1759, 1760, 1820, 1821, 1847, 1848, 1920, 1921, 1984, 1985, 2017, 2018, 2074, 2075, 2115, 2116, 2150, 2151, 2183, 2184, 2211, 2212, 2240, 2353, 2354, 2364, 2365, 2405, 2406, 2448, 2449, 2473, 2474, 2554, 2555, 2595, 2596, 2628, 2629, 2654, 2655, 2665, 2666, 2678, 2679, 2706, 2707, 2749], "summary": {"covered_lines": 288, "num_statements": 308, "percent_covered": 93.50649350649351, "percent_covered_display": "94", "missing_lines": 20, "excluded_lines": 0}, "missing_lines": [16, 17, 18, 26, 27, 28, 44, 2750, 2752, 2753, 2755, 2757, 2758, 2760, 2763, 2764, 2774, 2775, 2776, 2778], "excluded_lines": []}}, "classes": {"ActivityLog": {"executed_lines": [], "summary": {"covered_lines": 0, "num_statements": 0, "percent_covered": 100.0, "percent_covered_display": "100", "missing_lines": 0, "excluded_lines": 0}, "missing_lines": [], "excluded_lines": []}, "PasswordHistory": {"executed_lines": [], "summary": {"covered_lines": 0, "num_statements": 0, "percent_covered": 100.0, "percent_covered_display": "100", "missing_lines": 0, "excluded_lines": 0}, "missing_lines": [], "excluded_lines": []}, "User": {"executed_lines": [218, 220, 221, 223, 231, 232, 239, 240], "summary": {"covered_lines": 8, "num_statements": 14, "percent_covered": 57.142857142857146, "percent_covered_display": "57", "missing_lines": 6, "excluded_lines": 0}, "missing_lines": [227, 233, 234, 235, 241, 242], "excluded_lines": []}, "PotentialRecruit": {"executed_lines": [], "summary": {"covered_lines": 0, "num_statements": 0, "percent_covered": 100.0, "percent_covered_display": "100", "missing_lines": 0, "excluded_lines": 0}, "missing_lines": [], "excluded_lines": []}, "Cadet": {"executed_lines": [], "summary": {"covered_lines": 0, "num_statements": 58, "percent_covered": 0.0, "percent_covered_display": "0", "missing_lines": 58, "excluded_lines": 0}, "missing_lines": [286, 287, 288, 289, 290, 292, 294, 295, 296, 297, 302, 303, 304, 305, 306, 308, 309, 311, 312, 313, 314, 319, 320, 321, 322, 323, 325, 326, 328, 330, 331, 332, 334, 335, 336, 338, 339, 340, 341, 342, 343, 348, 349, 350, 351, 353, 355, 356, 357, 359, 360, 361, 363, 364, 365, 366, 367, 368], "excluded_lines": []}, "UniversityContact": {"executed_lines": [], "summary": {"covered_lines": 0, "num_statements": 0, "percent_covered": 100.0, "percent_covered_display": "100", "missing_lines": 0, "excluded_lines": 0}, "missing_lines": [], "excluded_lines": []}, "RecruitmentEvent": {"executed_lines": [], "summary": {"covered_lines": 0, "num_statements": 0, "percent_covered": 100.0, "percent_covered_display": "100", "missing_lines": 0, "excluded_lines": 0}, "missing_lines": [], "excluded_lines": []}, "ExternalLink": {"executed_lines": [], "summary": {"covered_lines": 0, "num_statements": 0, "percent_covered": 100.0, "percent_covered_display": "100", "missing_lines": 0, "excluded_lines": 0}, "missing_lines": [], "excluded_lines": []}, "RecruitmentDocument": {"executed_lines": [], "summary": {"covered_lines": 0, "num_statements": 0, "percent_covered": 100.0, "percent_covered_display": "100", "missing_lines": 0, "excluded_lines": 0}, "missing_lines": [], "excluded_lines": []}, "": {"executed_lines": [1, 2, 3, 4, 5, 7, 8, 9, 10, 13, 14, 15, 20, 21, 22, 23, 24, 25, 36, 38, 39, 41, 43, 45, 46, 50, 54, 81, 108, 120, 157, 168, 169, 170, 171, 172, 173, 174, 175, 176, 177, 178, 179, 182, 184, 185, 186, 187, 188, 191, 194, 195, 196, 197, 198, 199, 200, 201, 202, 203, 204, 205, 206, 207, 208, 209, 210, 214, 215, 217, 225, 226, 229, 230, 237, 238, 246, 247, 248, 249, 250, 251, 252, 253, 254, 255, 256, 257, 258, 259, 260, 261, 262, 263, 264, 266, 267, 268, 269, 270, 271, 272, 273, 274, 275, 276, 277, 278, 279, 280, 281, 282, 284, 299, 300, 316, 317, 345, 346, 370, 371, 372, 373, 374, 375, 376, 377, 378, 379, 380, 381, 383, 384, 385, 386, 387, 388, 389, 390, 391, 392, 393, 394, 395, 396, 397, 399, 400, 401, 402, 403, 404, 405, 406, 407, 408, 410, 411, 412, 413, 414, 415, 416, 417, 418, 419, 420, 421, 422, 424, 433, 435, 436, 438, 440, 441, 444, 445, 448, 460, 461, 468, 470, 473, 474, 477, 478, 479, 480, 481, 482, 483, 484, 487, 494, 496, 509, 511, 514, 517, 520, 523, 525, 529, 573, 574, 579, 580, 581, 582, 583, 585, 586, 588, 593, 595, 596, 602, 603, 604, 607, 608, 609, 612, 615, 619, 620, 623, 624, 628, 629, 632, 638, 646, 647, 648, 652, 653, 654, 656, 657, 658, 674, 676, 677, 678, 679, 680, 681, 700, 701, 754, 755, 756, 757, 779, 780, 781, 782, 812, 813, 814, 815, 856, 857, 891, 892, 942, 943, 999, 1000, 1032, 1033, 1068, 1069, 1108, 1109, 1122, 1123, 1180, 1181, 1182, 1183, 1184, 1190, 1191, 1192, 1193, 1194, 1254, 1255, 1290, 1291, 1292, 1293, 1294, 1316, 1317, 1340, 1341, 1344, 1350, 1356, 1357, 1358, 1359, 1422, 1423, 1446, 1447, 1448, 1449, 1450, 1492, 1493, 1501, 1502, 1540, 1541, 1610, 1611, 1646, 1647, 1673, 1674, 1732, 1733, 1759, 1760, 1820, 1821, 1847, 1848, 1920, 1921, 1984, 1985, 2017, 2018, 2019, 2020, 2074, 2075, 2115, 2116, 2150, 2151, 2183, 2184, 2211, 2212, 2240, 2353, 2354, 2355, 2356, 2364, 2365, 2405, 2406, 2448, 2449, 2473, 2474, 2475, 2476, 2554, 2555, 2595, 2596, 2628, 2629, 2630, 2631, 2654, 2655, 2665, 2666, 2678, 2679, 2706, 2707, 2749], "summary": {"covered_lines": 383, "num_statements": 1605, "percent_covered": 23.86292834890966, "percent_covered_display": "24", "missing_lines": 1222, "excluded_lines": 0}, "missing_lines": [16, 17, 18, 26, 27, 28, 44, 56, 58, 59, 60, 63, 64, 65, 66, 67, 68, 69, 70, 72, 73, 74, 75, 76, 77, 78, 79, 83, 85, 86, 87, 90, 91, 92, 93, 94, 95, 96, 97, 99, 100, 101, 102, 103, 104, 105, 106, 110, 113, 114, 116, 117, 118, 122, 124, 125, 126, 129, 130, 131, 132, 133, 134, 135, 136, 139, 140, 141, 144, 145, 148, 150, 151, 152, 153, 154, 155, 159, 161, 162, 163, 164, 165, 426, 427, 429, 430, 462, 463, 465, 488, 489, 490, 491, 492, 499, 500, 503, 504, 505, 507, 512, 515, 518, 521, 527, 531, 532, 535, 537, 539, 541, 543, 546, 547, 549, 559, 569, 570, 575, 576, 577, 589, 590, 591, 597, 598, 599, 616, 617, 625, 626, 635, 636, 649, 650, 659, 660, 662, 663, 664, 666, 667, 668, 671, 672, 683, 684, 685, 686, 688, 689, 691, 693, 694, 696, 698, 702, 703, 704, 705, 707, 708, 709, 710, 712, 713, 714, 716, 717, 718, 721, 722, 723, 724, 725, 728, 729, 730, 733, 734, 737, 739, 742, 746, 747, 749, 750, 752, 760, 761, 762, 763, 766, 769, 771, 785, 786, 789, 801, 802, 805, 806, 808, 810, 817, 819, 821, 839, 840, 843, 851, 852, 854, 858, 859, 862, 863, 866, 880, 881, 884, 885, 887, 889, 893, 894, 896, 898, 901, 902, 903, 904, 905, 906, 907, 909, 925, 926, 929, 937, 938, 940, 944, 945, 947, 949, 951, 952, 954, 955, 956, 957, 958, 959, 960, 961, 962, 963, 964, 965, 968, 969, 970, 971, 972, 973, 975, 977, 980, 981, 982, 983, 984, 986, 994, 995, 997, 1001, 1002, 1005, 1006, 1009, 1021, 1022, 1025, 1026, 1028, 1030, 1034, 1035, 1037, 1039, 1041, 1051, 1052, 1055, 1063, 1064, 1066, 1070, 1071, 1073, 1075, 1077, 1079, 1080, 1081, 1082, 1083, 1084, 1085, 1086, 1088, 1091, 1092, 1093, 1095, 1103, 1104, 1106, 1110, 1111, 1113, 1114, 1115, 1116, 1117, 1118, 1119, 1120, 1124, 1125, 1127, 1128, 1130, 1133, 1134, 1135, 1137, 1138, 1139, 1140, 1142, 1154, 1155, 1158, 1166, 1167, 1168, 1169, 1170, 1171, 1173, 1174, 1175, 1176, 1177, 1178, 1186, 1187, 1188, 1196, 1198, 1199, 1201, 1204, 1207, 1208, 1209, 1212, 1213, 1214, 1217, 1227, 1228, 1229, 1231, 1243, 1244, 1245, 1246, 1247, 1248, 1256, 1257, 1258, 1261, 1262, 1263, 1264, 1267, 1275, 1276, 1279, 1280, 1284, 1288, 1296, 1297, 1299, 1301, 1302, 1303, 1305, 1306, 1307, 1308, 1309, 1310, 1312, 1314, 1318, 1319, 1320, 1322, 1324, 1326, 1327, 1328, 1330, 1331, 1333, 1334, 1335, 1336, 1338, 1345, 1346, 1347, 1351, 1352, 1353, 1361, 1362, 1365, 1366, 1368, 1370, 1371, 1372, 1373, 1374, 1375, 1377, 1378, 1380, 1383, 1391, 1392, 1393, 1394, 1395, 1398, 1399, 1401, 1404, 1407, 1409, 1410, 1411, 1413, 1414, 1415, 1416, 1417, 1418, 1420, 1424, 1425, 1426, 1428, 1430, 1432, 1433, 1434, 1436, 1437, 1439, 1440, 1441, 1442, 1444, 1452, 1453, 1454, 1455, 1457, 1458, 1459, 1460, 1463, 1464, 1466, 1467, 1468, 1470, 1471, 1472, 1474, 1475, 1478, 1479, 1481, 1482, 1483, 1484, 1486, 1488, 1489, 1494, 1495, 1496, 1498, 1499, 1503, 1504, 1505, 1508, 1509, 1510, 1511, 1512, 1513, 1514, 1517, 1520, 1521, 1526, 1538, 1542, 1543, 1544, 1546, 1547, 1548, 1550, 1551, 1552, 1554, 1555, 1556, 1558, 1559, 1560, 1561, 1562, 1564, 1565, 1566, 1568, 1569, 1570, 1571, 1572, 1573, 1574, 1575, 1577, 1578, 1588, 1589, 1592, 1593, 1594, 1595, 1596, 1601, 1602, 1603, 1604, 1605, 1606, 1608, 1612, 1613, 1614, 1616, 1617, 1618, 1620, 1621, 1633, 1634, 1635, 1637, 1638, 1640, 1641, 1642, 1644, 1648, 1649, 1650, 1652, 1653, 1655, 1657, 1661, 1662, 1664, 1666, 1667, 1668, 1669, 1671, 1675, 1676, 1677, 1679, 1680, 1681, 1682, 1683, 1686, 1687, 1688, 1689, 1691, 1692, 1693, 1695, 1696, 1697, 1698, 1699, 1701, 1702, 1703, 1705, 1706, 1707, 1708, 1709, 1710, 1711, 1712, 1713, 1716, 1717, 1724, 1726, 1734, 1735, 1736, 1738, 1739, 1741, 1743, 1747, 1748, 1750, 1752, 1753, 1754, 1755, 1757, 1761, 1762, 1763, 1765, 1766, 1767, 1768, 1769, 1772, 1773, 1774, 1775, 1777, 1778, 1779, 1781, 1782, 1783, 1784, 1785, 1787, 1788, 1789, 1791, 1792, 1793, 1794, 1795, 1796, 1797, 1798, 1799, 1802, 1803, 1812, 1814, 1822, 1823, 1824, 1826, 1827, 1829, 1831, 1835, 1836, 1838, 1840, 1841, 1842, 1843, 1845, 1849, 1850, 1851, 1853, 1854, 1855, 1856, 1857, 1858, 1859, 1860, 1861, 1862, 1865, 1866, 1867, 1869, 1870, 1871, 1873, 1874, 1875, 1877, 1878, 1879, 1882, 1883, 1884, 1885, 1886, 1889, 1890, 1891, 1903, 1904, 1905, 1908, 1910, 1911, 1912, 1913, 1914, 1915, 1916, 1918, 1922, 1923, 1924, 1926, 1928, 1929, 1930, 1931, 1932, 1933, 1934, 1935, 1936, 1937, 1938, 1941, 1942, 1943, 1944, 1946, 1947, 1948, 1950, 1951, 1952, 1955, 1956, 1957, 1958, 1959, 1960, 1961, 1962, 1963, 1964, 1967, 1968, 1970, 1972, 1973, 1974, 1975, 1976, 1977, 1978, 1979, 1980, 1982, 1986, 1987, 1988, 1990, 1993, 1994, 1995, 1997, 1999, 2002, 2005, 2006, 2008, 2009, 2010, 2011, 2012, 2013, 2015, 2022, 2023, 2024, 2025, 2027, 2028, 2029, 2030, 2033, 2034, 2035, 2038, 2039, 2040, 2043, 2044, 2045, 2046, 2047, 2050, 2051, 2052, 2053, 2056, 2057, 2059, 2061, 2063, 2064, 2065, 2066, 2067, 2068, 2069, 2070, 2072, 2076, 2077, 2079, 2080, 2081, 2082, 2084, 2085, 2086, 2087, 2088, 2091, 2092, 2093, 2094, 2097, 2098, 2099, 2100, 2102, 2103, 2104, 2105, 2106, 2107, 2108, 2109, 2110, 2112, 2117, 2118, 2120, 2123, 2124, 2125, 2146, 2148, 2152, 2153, 2155, 2158, 2159, 2160, 2179, 2181, 2185, 2186, 2188, 2191, 2192, 2193, 2207, 2209, 2213, 2214, 2215, 2217, 2220, 2221, 2223, 2224, 2236, 2238, 2242, 2244, 2245, 2246, 2248, 2250, 2252, 2253, 2255, 2256, 2263, 2265, 2266, 2267, 2268, 2269, 2272, 2277, 2281, 2283, 2284, 2287, 2288, 2289, 2291, 2292, 2293, 2299, 2300, 2301, 2303, 2305, 2306, 2307, 2310, 2311, 2312, 2315, 2316, 2318, 2320, 2321, 2324, 2325, 2326, 2327, 2330, 2331, 2332, 2333, 2334, 2336, 2337, 2338, 2344, 2345, 2346, 2349, 2350, 2359, 2360, 2362, 2366, 2367, 2369, 2370, 2371, 2372, 2374, 2375, 2376, 2377, 2378, 2379, 2381, 2382, 2384, 2385, 2386, 2393, 2394, 2396, 2397, 2398, 2399, 2400, 2401, 2403, 2407, 2408, 2410, 2411, 2412, 2413, 2415, 2417, 2418, 2419, 2420, 2421, 2422, 2423, 2425, 2426, 2428, 2429, 2430, 2431, 2432, 2433, 2434, 2435, 2437, 2439, 2440, 2441, 2442, 2443, 2444, 2446, 2450, 2451, 2453, 2454, 2455, 2456, 2458, 2459, 2461, 2462, 2463, 2465, 2466, 2467, 2468, 2469, 2471, 2478, 2479, 2480, 2481, 2483, 2484, 2485, 2486, 2487, 2489, 2490, 2491, 2493, 2494, 2495, 2496, 2498, 2499, 2500, 2503, 2504, 2506, 2507, 2508, 2510, 2511, 2514, 2515, 2516, 2519, 2520, 2521, 2524, 2525, 2527, 2538, 2539, 2541, 2542, 2543, 2545, 2546, 2548, 2549, 2550, 2552, 2556, 2557, 2559, 2560, 2561, 2562, 2564, 2566, 2567, 2568, 2569, 2570, 2571, 2573, 2574, 2576, 2577, 2578, 2579, 2580, 2581, 2582, 2584, 2586, 2587, 2588, 2589, 2590, 2591, 2593, 2597, 2598, 2600, 2601, 2602, 2603, 2605, 2606, 2607, 2609, 2611, 2612, 2613, 2614, 2617, 2618, 2620, 2621, 2622, 2623, 2624, 2626, 2633, 2635, 2636, 2637, 2639, 2641, 2643, 2644, 2647, 2648, 2649, 2650, 2651, 2656, 2657, 2667, 2668, 2681, 2683, 2684, 2685, 2688, 2690, 2691, 2692, 2699, 2700, 2702, 2703, 2704, 2709, 2711, 2712, 2713, 2716, 2717, 2718, 2720, 2721, 2723, 2724, 2725, 2726, 2728, 2730, 2731, 2732, 2734, 2735, 2736, 2738, 2739, 2745, 2746, 2747, 2750, 2752, 2753, 2755, 2757, 2758, 2760, 2763, 2764, 2774, 2775, 2776, 2778], "excluded_lines": []}}}}, "totals": {"covered_lines": 391, "num_statements": 1677, "percent_covered": 23.315444245676805, "percent_covered_display": "23", "missing_lines": 1286, "excluded_lines": 0}}