<?xml version="1.0" ?>
<coverage version="7.10.2" timestamp="1755154223220" lines-valid="2206" lines-covered="347" line-rate="0.1573" branches-valid="578" branches-covered="3" branch-rate="0.00519" complexity="0">
	<!-- Generated by coverage.py: https://coverage.readthedocs.io/en/7.10.2 -->
	<!-- Based on https://raw.githubusercontent.com/cobertura/web/master/htdocs/xml/coverage-04.dtd -->
	<sources>
		<source>D:\Gitlocal\afrotc695recruitment</source>
	</sources>
	<packages>
		<package name="." line-rate="0.165" branch-rate="0.0053" complexity="0">
			<classes>
				<class name="app_local.py" filename="app_local.py" complexity="0" line-rate="0.165" branch-rate="0.0053">
					<methods/>
					<lines>
						<line number="1" hits="1"/>
						<line number="2" hits="1"/>
						<line number="3" hits="1"/>
						<line number="4" hits="1"/>
						<line number="5" hits="1"/>
						<line number="6" hits="1"/>
						<line number="7" hits="1"/>
						<line number="8" hits="1"/>
						<line number="9" hits="1"/>
						<line number="10" hits="1"/>
						<line number="11" hits="1"/>
						<line number="12" hits="1"/>
						<line number="13" hits="1"/>
						<line number="14" hits="1"/>
						<line number="15" hits="1"/>
						<line number="16" hits="1"/>
						<line number="17" hits="1"/>
						<line number="18" hits="1"/>
						<line number="19" hits="1"/>
						<line number="20" hits="1"/>
						<line number="21" hits="1"/>
						<line number="22" hits="1"/>
						<line number="23" hits="1"/>
						<line number="25" hits="1"/>
						<line number="26" hits="1"/>
						<line number="27" hits="1"/>
						<line number="33" hits="1"/>
						<line number="35" hits="0"/>
						<line number="37" hits="0"/>
						<line number="38" hits="0"/>
						<line number="42" hits="0"/>
						<line number="43" hits="0"/>
						<line number="45" hits="0"/>
						<line number="46" hits="0"/>
						<line number="48" hits="0"/>
						<line number="50" hits="0"/>
						<line number="56" hits="0"/>
						<line number="57" hits="0"/>
						<line number="59" hits="0"/>
						<line number="65" hits="0"/>
						<line number="69" hits="0"/>
						<line number="70" hits="0"/>
						<line number="72" hits="0"/>
						<line number="73" hits="0"/>
						<line number="75" hits="0"/>
						<line number="77" hits="1"/>
						<line number="87" hits="0"/>
						<line number="89" hits="0"/>
						<line number="91" hits="0"/>
						<line number="92" hits="0"/>
						<line number="95" hits="0"/>
						<line number="97" hits="0"/>
						<line number="98" hits="0"/>
						<line number="100" hits="0"/>
						<line number="102" hits="1"/>
						<line number="111" hits="0"/>
						<line number="113" hits="0"/>
						<line number="115" hits="0"/>
						<line number="116" hits="0"/>
						<line number="121" hits="0"/>
						<line number="123" hits="0"/>
						<line number="124" hits="0"/>
						<line number="126" hits="0"/>
						<line number="128" hits="1"/>
						<line number="137" hits="0"/>
						<line number="139" hits="0"/>
						<line number="141" hits="0"/>
						<line number="143" hits="0"/>
						<line number="144" hits="0"/>
						<line number="146" hits="0"/>
						<line number="149" hits="1"/>
						<line number="152" hits="1"/>
						<line number="153" hits="1"/>
						<line number="155" hits="1"/>
						<line number="159" hits="1"/>
						<line number="162" hits="1"/>
						<line number="163" hits="1" branch="true" condition-coverage="50% (1/2)" missing-branches="164"/>
						<line number="164" hits="0"/>
						<line number="166" hits="1"/>
						<line number="167" hits="1"/>
						<line number="170" hits="1" branch="true" condition-coverage="50% (1/2)" missing-branches="235"/>
						<line number="171" hits="1"/>
						<line number="235" hits="1"/>
						<line number="238" hits="1"/>
						<line number="239" hits="1"/>
						<line number="240" hits="1"/>
						<line number="241" hits="1"/>
						<line number="242" hits="1"/>
						<line number="243" hits="1"/>
						<line number="244" hits="1"/>
						<line number="245" hits="1"/>
						<line number="246" hits="1"/>
						<line number="247" hits="1"/>
						<line number="248" hits="1"/>
						<line number="249" hits="1"/>
						<line number="252" hits="1"/>
						<line number="254" hits="1"/>
						<line number="255" hits="1"/>
						<line number="256" hits="1"/>
						<line number="257" hits="1"/>
						<line number="258" hits="1"/>
						<line number="261" hits="1"/>
						<line number="264" hits="1"/>
						<line number="265" hits="1"/>
						<line number="266" hits="1"/>
						<line number="267" hits="1"/>
						<line number="268" hits="1"/>
						<line number="269" hits="1"/>
						<line number="270" hits="1"/>
						<line number="271" hits="1"/>
						<line number="272" hits="1"/>
						<line number="273" hits="1"/>
						<line number="274" hits="1"/>
						<line number="275" hits="1"/>
						<line number="276" hits="1"/>
						<line number="277" hits="1"/>
						<line number="278" hits="1"/>
						<line number="279" hits="1"/>
						<line number="280" hits="1"/>
						<line number="283" hits="1"/>
						<line number="284" hits="1"/>
						<line number="285" hits="1"/>
						<line number="286" hits="1"/>
						<line number="287" hits="1"/>
						<line number="289" hits="1"/>
						<line number="290" hits="1"/>
						<line number="292" hits="1"/>
						<line number="293" hits="0"/>
						<line number="295" hits="0" branch="true" condition-coverage="0% (0/2)" missing-branches="296,298"/>
						<line number="296" hits="0"/>
						<line number="298" hits="0"/>
						<line number="300" hits="1"/>
						<line number="301" hits="1"/>
						<line number="302" hits="0"/>
						<line number="304" hits="1"/>
						<line number="305" hits="1"/>
						<line number="306" hits="0" branch="true" condition-coverage="0% (0/2)" missing-branches="307,308"/>
						<line number="307" hits="0"/>
						<line number="308" hits="0" branch="true" condition-coverage="0% (0/2)" missing-branches="309,310"/>
						<line number="309" hits="0"/>
						<line number="310" hits="0"/>
						<line number="312" hits="1"/>
						<line number="313" hits="1"/>
						<line number="314" hits="0" branch="true" condition-coverage="0% (0/2)" missing-branches="315,316"/>
						<line number="315" hits="0"/>
						<line number="316" hits="0"/>
						<line number="317" hits="0"/>
						<line number="320" hits="1"/>
						<line number="321" hits="1"/>
						<line number="323" hits="0"/>
						<line number="325" hits="1"/>
						<line number="326" hits="1"/>
						<line number="328" hits="0"/>
						<line number="330" hits="1"/>
						<line number="332" hits="0"/>
						<line number="334" hits="1"/>
						<line number="336" hits="0"/>
						<line number="338" hits="1"/>
						<line number="339" hits="1"/>
						<line number="340" hits="1"/>
						<line number="341" hits="1"/>
						<line number="342" hits="1"/>
						<line number="343" hits="1"/>
						<line number="344" hits="1"/>
						<line number="345" hits="1"/>
						<line number="346" hits="1"/>
						<line number="347" hits="1"/>
						<line number="348" hits="1"/>
						<line number="349" hits="1"/>
						<line number="350" hits="1"/>
						<line number="351" hits="1"/>
						<line number="352" hits="1"/>
						<line number="353" hits="1"/>
						<line number="354" hits="1"/>
						<line number="355" hits="1"/>
						<line number="356" hits="1"/>
						<line number="358" hits="1"/>
						<line number="359" hits="1"/>
						<line number="360" hits="1"/>
						<line number="361" hits="1"/>
						<line number="362" hits="1"/>
						<line number="363" hits="1"/>
						<line number="364" hits="1"/>
						<line number="365" hits="1"/>
						<line number="366" hits="1"/>
						<line number="367" hits="1"/>
						<line number="368" hits="1"/>
						<line number="369" hits="1"/>
						<line number="370" hits="1"/>
						<line number="371" hits="1"/>
						<line number="372" hits="1"/>
						<line number="373" hits="1"/>
						<line number="374" hits="1"/>
						<line number="376" hits="1"/>
						<line number="378" hits="0" branch="true" condition-coverage="0% (0/2)" missing-branches="379,389"/>
						<line number="379" hits="0"/>
						<line number="380" hits="0" branch="true" condition-coverage="0% (0/2)" missing-branches="381,382"/>
						<line number="381" hits="0"/>
						<line number="382" hits="0" branch="true" condition-coverage="0% (0/2)" missing-branches="384,386"/>
						<line number="384" hits="0"/>
						<line number="386" hits="0"/>
						<line number="387" hits="0"/>
						<line number="388" hits="0"/>
						<line number="389" hits="0"/>
						<line number="391" hits="1"/>
						<line number="392" hits="1"/>
						<line number="394" hits="0"/>
						<line number="395" hits="0" branch="true" condition-coverage="0% (0/2)" missing-branches="396,404"/>
						<line number="396" hits="0" branch="true" condition-coverage="0% (0/2)" missing-branches="397,398"/>
						<line number="397" hits="0"/>
						<line number="398" hits="0" branch="true" condition-coverage="0% (0/2)" missing-branches="400,403"/>
						<line number="400" hits="0"/>
						<line number="401" hits="0"/>
						<line number="403" hits="0"/>
						<line number="404" hits="0"/>
						<line number="405" hits="0"/>
						<line number="406" hits="0"/>
						<line number="408" hits="1"/>
						<line number="409" hits="1"/>
						<line number="410" hits="1"/>
						<line number="411" hits="1"/>
						<line number="412" hits="1"/>
						<line number="413" hits="1"/>
						<line number="414" hits="1"/>
						<line number="415" hits="1"/>
						<line number="416" hits="1"/>
						<line number="417" hits="1"/>
						<line number="418" hits="1"/>
						<line number="419" hits="1"/>
						<line number="421" hits="1"/>
						<line number="422" hits="1"/>
						<line number="423" hits="1"/>
						<line number="424" hits="1"/>
						<line number="425" hits="1"/>
						<line number="426" hits="1"/>
						<line number="427" hits="1"/>
						<line number="428" hits="1"/>
						<line number="429" hits="1"/>
						<line number="430" hits="1"/>
						<line number="431" hits="1"/>
						<line number="432" hits="1"/>
						<line number="433" hits="1"/>
						<line number="434" hits="1"/>
						<line number="435" hits="1"/>
						<line number="437" hits="1"/>
						<line number="438" hits="1"/>
						<line number="439" hits="1"/>
						<line number="440" hits="1"/>
						<line number="441" hits="1"/>
						<line number="442" hits="1"/>
						<line number="443" hits="1"/>
						<line number="444" hits="1"/>
						<line number="445" hits="1"/>
						<line number="446" hits="1"/>
						<line number="448" hits="1"/>
						<line number="449" hits="1"/>
						<line number="450" hits="1"/>
						<line number="451" hits="1"/>
						<line number="452" hits="1"/>
						<line number="453" hits="1"/>
						<line number="454" hits="1"/>
						<line number="455" hits="1"/>
						<line number="456" hits="1"/>
						<line number="457" hits="1"/>
						<line number="458" hits="1"/>
						<line number="459" hits="1"/>
						<line number="460" hits="1"/>
						<line number="462" hits="1"/>
						<line number="464" hits="0" branch="true" condition-coverage="0% (0/2)" missing-branches="465,467"/>
						<line number="465" hits="0"/>
						<line number="467" hits="0"/>
						<line number="468" hits="0"/>
						<line number="471" hits="1"/>
						<line number="473" hits="0" branch="true" condition-coverage="0% (0/2)" missing-branches="474,476"/>
						<line number="474" hits="0"/>
						<line number="476" hits="0"/>
						<line number="478" hits="0"/>
						<line number="479" hits="0"/>
						<line number="482" hits="0"/>
						<line number="483" hits="0"/>
						<line number="486" hits="0"/>
						<line number="498" hits="0"/>
						<line number="499" hits="0"/>
						<line number="500" hits="0"/>
						<line number="503" hits="0"/>
						<line number="506" hits="1"/>
						<line number="508" hits="0"/>
						<line number="511" hits="0" branch="true" condition-coverage="0% (0/2)" missing-branches="512,515"/>
						<line number="512" hits="0"/>
						<line number="515" hits="0" branch="true" condition-coverage="0% (0/2)" missing-branches="516,517"/>
						<line number="516" hits="0"/>
						<line number="517" hits="0" branch="true" condition-coverage="0% (0/2)" missing-branches="518,519"/>
						<line number="518" hits="0"/>
						<line number="519" hits="0" branch="true" condition-coverage="0% (0/2)" missing-branches="520,521"/>
						<line number="520" hits="0"/>
						<line number="521" hits="0" branch="true" condition-coverage="0% (0/2)" missing-branches="522,525"/>
						<line number="522" hits="0"/>
						<line number="525" hits="0" branch="true" condition-coverage="0% (0/2)" missing-branches="526,532"/>
						<line number="526" hits="0"/>
						<line number="527" hits="0" branch="true" condition-coverage="0% (0/2)" missing-branches="528,532"/>
						<line number="528" hits="0" branch="true" condition-coverage="0% (0/2)" missing-branches="527,529"/>
						<line number="529" hits="0"/>
						<line number="530" hits="0"/>
						<line number="532" hits="0"/>
						<line number="534" hits="1"/>
						<line number="537" hits="0"/>
						<line number="538" hits="0"/>
						<line number="541" hits="0"/>
						<line number="542" hits="0" branch="true" condition-coverage="0% (0/2)" missing-branches="543,545"/>
						<line number="543" hits="0"/>
						<line number="545" hits="0"/>
						<line number="547" hits="1"/>
						<line number="549" hits="0" branch="true" condition-coverage="0% (0/2)" missing-branches="550,552"/>
						<line number="550" hits="0"/>
						<line number="552" hits="0" branch="true" condition-coverage="0% (0/2)" missing-branches="553,555"/>
						<line number="553" hits="0"/>
						<line number="555" hits="0" branch="true" condition-coverage="0% (0/2)" missing-branches="556,558"/>
						<line number="556" hits="0"/>
						<line number="558" hits="0"/>
						<line number="560" hits="1"/>
						<line number="562" hits="0"/>
						<line number="564" hits="1"/>
						<line number="566" hits="0"/>
						<line number="567" hits="0"/>
						<line number="570" hits="0"/>
						<line number="572" hits="0" branch="true" condition-coverage="0% (0/2)" missing-branches="574,604"/>
						<line number="574" hits="0"/>
						<line number="576" hits="0" branch="true" condition-coverage="0% (0/2)" missing-branches="578,594"/>
						<line number="578" hits="0"/>
						<line number="581" hits="0"/>
						<line number="582" hits="0"/>
						<line number="584" hits="0"/>
						<line number="594" hits="0"/>
						<line number="604" hits="0"/>
						<line number="605" hits="0"/>
						<line number="607" hits="1"/>
						<line number="609" hits="0"/>
						<line number="611" hits="0"/>
						<line number="623" hits="0"/>
						<line number="624" hits="0"/>
						<line number="626" hits="0" branch="true" condition-coverage="0% (0/2)" missing-branches="627,635"/>
						<line number="627" hits="0"/>
						<line number="635" hits="0"/>
						<line number="642" hits="0"/>
						<line number="644" hits="0"/>
						<line number="652" hits="1"/>
						<line number="654" hits="0"/>
						<line number="655" hits="0"/>
						<line number="658" hits="0"/>
						<line number="670" hits="0" branch="true" condition-coverage="0% (0/2)" missing-branches="671,678"/>
						<line number="671" hits="0"/>
						<line number="672" hits="0"/>
						<line number="673" hits="0"/>
						<line number="674" hits="0"/>
						<line number="676" hits="0"/>
						<line number="678" hits="0"/>
						<line number="679" hits="0"/>
						<line number="681" hits="0"/>
						<line number="683" hits="1"/>
						<line number="685" hits="0"/>
						<line number="686" hits="0"/>
						<line number="689" hits="0"/>
						<line number="692" hits="0"/>
						<line number="693" hits="0"/>
						<line number="694" hits="0"/>
						<line number="695" hits="0"/>
						<line number="698" hits="0"/>
						<line number="699" hits="0"/>
						<line number="700" hits="0"/>
						<line number="701" hits="0"/>
						<line number="702" hits="0"/>
						<line number="703" hits="0"/>
						<line number="704" hits="0"/>
						<line number="705" hits="0"/>
						<line number="706" hits="0"/>
						<line number="708" hits="0"/>
						<line number="717" hits="0"/>
						<line number="719" hits="0"/>
						<line number="729" hits="1"/>
						<line number="731" hits="0"/>
						<line number="733" hits="0"/>
						<line number="734" hits="0"/>
						<line number="740" hits="0"/>
						<line number="741" hits="0"/>
						<line number="747" hits="0"/>
						<line number="750" hits="0"/>
						<line number="751" hits="0"/>
						<line number="756" hits="0"/>
						<line number="769" hits="0"/>
						<line number="783" hits="0"/>
						<line number="785" hits="0"/>
						<line number="793" hits="1"/>
						<line number="795" hits="0"/>
						<line number="797" hits="0"/>
						<line number="803" hits="0"/>
						<line number="809" hits="0"/>
						<line number="810" hits="0"/>
						<line number="815" hits="0"/>
						<line number="820" hits="0"/>
						<line number="821" hits="0"/>
						<line number="826" hits="0"/>
						<line number="845" hits="0"/>
						<line number="847" hits="0"/>
						<line number="855" hits="1"/>
						<line number="857" hits="0"/>
						<line number="858" hits="0"/>
						<line number="859" hits="0"/>
						<line number="862" hits="0"/>
						<line number="869" hits="0"/>
						<line number="873" hits="0" branch="true" condition-coverage="0% (0/2)" missing-branches="874,884"/>
						<line number="874" hits="0"/>
						<line number="876" hits="0"/>
						<line number="877" hits="0"/>
						<line number="878" hits="0"/>
						<line number="879" hits="0"/>
						<line number="881" hits="0"/>
						<line number="884" hits="0"/>
						<line number="887" hits="0"/>
						<line number="893" hits="0"/>
						<line number="894" hits="0"/>
						<line number="897" hits="0"/>
						<line number="899" hits="0"/>
						<line number="901" hits="0"/>
						<line number="903" hits="1"/>
						<line number="905" hits="0"/>
						<line number="907" hits="0"/>
						<line number="908" hits="0"/>
						<line number="910" hits="0"/>
						<line number="912" hits="0"/>
						<line number="915" hits="0" branch="true" condition-coverage="0% (0/2)" missing-branches="916,922"/>
						<line number="916" hits="0"/>
						<line number="917" hits="0"/>
						<line number="918" hits="0"/>
						<line number="922" hits="0" branch="true" condition-coverage="0% (0/2)" missing-branches="923,947"/>
						<line number="923" hits="0" branch="true" condition-coverage="0% (0/2)" missing-branches="922,924"/>
						<line number="924" hits="0"/>
						<line number="926" hits="0" branch="true" condition-coverage="0% (0/2)" missing-branches="922,928"/>
						<line number="928" hits="0" branch="true" condition-coverage="0% (0/2)" missing-branches="929,936"/>
						<line number="929" hits="0" branch="true" condition-coverage="0% (0/2)" missing-branches="928,930"/>
						<line number="930" hits="0"/>
						<line number="931" hits="0"/>
						<line number="932" hits="0"/>
						<line number="933" hits="0"/>
						<line number="936" hits="0"/>
						<line number="937" hits="0"/>
						<line number="938" hits="0"/>
						<line number="940" hits="0"/>
						<line number="942" hits="0"/>
						<line number="944" hits="0"/>
						<line number="945" hits="0"/>
						<line number="947" hits="0"/>
						<line number="948" hits="0"/>
						<line number="950" hits="0"/>
						<line number="952" hits="0"/>
						<line number="953" hits="0"/>
						<line number="955" hits="1"/>
						<line number="957" hits="0"/>
						<line number="958" hits="0"/>
						<line number="960" hits="0" branch="true" condition-coverage="0% (0/2)" missing-branches="961,964"/>
						<line number="961" hits="0"/>
						<line number="964" hits="0" branch="true" condition-coverage="0% (0/2)" missing-branches="965,966"/>
						<line number="965" hits="0"/>
						<line number="966" hits="0" branch="true" condition-coverage="0% (0/2)" missing-branches="968,973"/>
						<line number="968" hits="0" branch="true" condition-coverage="0% (0/2)" missing-branches="969,972"/>
						<line number="969" hits="0"/>
						<line number="972" hits="0"/>
						<line number="973" hits="0"/>
						<line number="974" hits="0"/>
						<line number="978" hits="0"/>
						<line number="981" hits="0"/>
						<line number="982" hits="0" branch="true" condition-coverage="0% (0/2)" missing-branches="983,1008"/>
						<line number="983" hits="0" branch="true" condition-coverage="0% (0/2)" missing-branches="984,986"/>
						<line number="984" hits="0"/>
						<line number="986" hits="0"/>
						<line number="989" hits="0" branch="true" condition-coverage="0% (0/2)" missing-branches="982,991"/>
						<line number="991" hits="0"/>
						<line number="992" hits="0"/>
						<line number="993" hits="0"/>
						<line number="995" hits="0"/>
						<line number="1003" hits="0"/>
						<line number="1005" hits="0"/>
						<line number="1008" hits="0"/>
						<line number="1009" hits="0"/>
						<line number="1011" hits="0"/>
						<line number="1013" hits="0"/>
						<line number="1015" hits="1"/>
						<line number="1017" hits="0" branch="true" condition-coverage="0% (0/2)" missing-branches="1018,1029"/>
						<line number="1018" hits="0"/>
						<line number="1019" hits="0"/>
						<line number="1020" hits="0"/>
						<line number="1021" hits="0"/>
						<line number="1022" hits="0"/>
						<line number="1029" hits="0" branch="true" condition-coverage="0% (0/2)" missing-branches="1030,1042"/>
						<line number="1030" hits="0"/>
						<line number="1031" hits="0"/>
						<line number="1032" hits="0"/>
						<line number="1033" hits="0"/>
						<line number="1034" hits="0"/>
						<line number="1035" hits="0"/>
						<line number="1042" hits="0" branch="true" condition-coverage="0% (0/2)" missing-branches="1043,1097"/>
						<line number="1043" hits="0"/>
						<line number="1045" hits="0"/>
						<line number="1046" hits="0"/>
						<line number="1049" hits="0"/>
						<line number="1050" hits="0"/>
						<line number="1051" hits="0"/>
						<line number="1052" hits="0"/>
						<line number="1055" hits="0" branch="true" condition-coverage="0% (0/2)" missing-branches="1056,1087"/>
						<line number="1056" hits="0"/>
						<line number="1057" hits="0"/>
						<line number="1059" hits="0" branch="true" condition-coverage="0% (0/2)" missing-branches="1060,1063"/>
						<line number="1060" hits="0"/>
						<line number="1063" hits="0"/>
						<line number="1064" hits="0"/>
						<line number="1067" hits="0"/>
						<line number="1068" hits="0"/>
						<line number="1085" hits="0"/>
						<line number="1087" hits="0"/>
						<line number="1088" hits="0"/>
						<line number="1089" hits="0"/>
						<line number="1097" hits="0"/>
						<line number="1098" hits="0"/>
						<line number="1101" hits="1"/>
						<line number="1102" hits="1"/>
						<line number="1104" hits="0" branch="true" condition-coverage="0% (0/2)" missing-branches="1105,1108"/>
						<line number="1105" hits="0"/>
						<line number="1106" hits="0"/>
						<line number="1108" hits="0"/>
						<line number="1109" hits="0" branch="true" condition-coverage="0% (0/2)" missing-branches="1110,1112"/>
						<line number="1110" hits="0"/>
						<line number="1112" hits="0"/>
						<line number="1113" hits="0"/>
						<line number="1116" hits="0"/>
						<line number="1117" hits="0"/>
						<line number="1120" hits="0"/>
						<line number="1121" hits="0" branch="true" condition-coverage="0% (0/2)" missing-branches="1122,1126"/>
						<line number="1122" hits="0"/>
						<line number="1123" hits="0"/>
						<line number="1126" hits="0"/>
						<line number="1127" hits="0" branch="true" condition-coverage="0% (0/2)" missing-branches="1128,1134"/>
						<line number="1128" hits="0"/>
						<line number="1130" hits="0"/>
						<line number="1131" hits="0"/>
						<line number="1134" hits="0"/>
						<line number="1135" hits="0" branch="true" condition-coverage="0% (0/2)" missing-branches="1136,1139"/>
						<line number="1136" hits="0"/>
						<line number="1137" hits="0"/>
						<line number="1139" hits="0"/>
						<line number="1140" hits="0"/>
						<line number="1142" hits="1"/>
						<line number="1143" hits="1"/>
						<line number="1144" hits="0" branch="true" condition-coverage="0% (0/2)" missing-branches="1145,1146"/>
						<line number="1145" hits="0"/>
						<line number="1146" hits="0"/>
						<line number="1148" hits="1"/>
						<line number="1149" hits="1"/>
						<line number="1150" hits="0" branch="true" condition-coverage="0% (0/2)" missing-branches="1151,1206"/>
						<line number="1151" hits="0"/>
						<line number="1152" hits="0"/>
						<line number="1154" hits="0"/>
						<line number="1155" hits="0" branch="true" condition-coverage="0% (0/2)" missing-branches="1157,1203"/>
						<line number="1157" hits="0" branch="true" condition-coverage="0% (0/2)" missing-branches="1158,1162"/>
						<line number="1158" hits="0"/>
						<line number="1159" hits="0"/>
						<line number="1160" hits="0"/>
						<line number="1162" hits="0" branch="true" condition-coverage="0% (0/2)" missing-branches="1164,1191"/>
						<line number="1164" hits="0"/>
						<line number="1165" hits="0" branch="true" condition-coverage="0% (0/2)" missing-branches="1166,1171"/>
						<line number="1166" hits="0"/>
						<line number="1167" hits="0"/>
						<line number="1168" hits="0"/>
						<line number="1171" hits="0"/>
						<line number="1172" hits="0"/>
						<line number="1173" hits="0"/>
						<line number="1175" hits="0"/>
						<line number="1176" hits="0"/>
						<line number="1177" hits="0"/>
						<line number="1180" hits="0"/>
						<line number="1183" hits="0" branch="true" condition-coverage="0% (0/2)" missing-branches="1184,1187"/>
						<line number="1184" hits="0"/>
						<line number="1185" hits="0"/>
						<line number="1187" hits="0"/>
						<line number="1188" hits="0"/>
						<line number="1191" hits="0"/>
						<line number="1192" hits="0" branch="true" condition-coverage="0% (0/2)" missing-branches="1193,1196"/>
						<line number="1193" hits="0"/>
						<line number="1194" hits="0"/>
						<line number="1196" hits="0"/>
						<line number="1197" hits="0"/>
						<line number="1200" hits="0"/>
						<line number="1203" hits="0"/>
						<line number="1204" hits="0"/>
						<line number="1206" hits="0"/>
						<line number="1208" hits="1"/>
						<line number="1209" hits="1"/>
						<line number="1210" hits="0" branch="true" condition-coverage="0% (0/2)" missing-branches="1211,1214"/>
						<line number="1211" hits="0"/>
						<line number="1212" hits="0"/>
						<line number="1214" hits="0"/>
						<line number="1215" hits="0"/>
						<line number="1216" hits="0"/>
						<line number="1219" hits="1"/>
						<line number="1220" hits="1"/>
						<line number="1222" hits="0" branch="true" condition-coverage="0% (0/2)" missing-branches="1223,1226"/>
						<line number="1223" hits="0"/>
						<line number="1224" hits="0"/>
						<line number="1226" hits="0"/>
						<line number="1227" hits="0" branch="true" condition-coverage="0% (0/2)" missing-branches="1228,1232"/>
						<line number="1228" hits="0"/>
						<line number="1229" hits="0"/>
						<line number="1232" hits="0" branch="true" condition-coverage="0% (0/2)" missing-branches="1233,1237"/>
						<line number="1233" hits="0"/>
						<line number="1234" hits="0"/>
						<line number="1237" hits="0" branch="true" condition-coverage="0% (0/2)" missing-branches="1238,1241"/>
						<line number="1238" hits="0"/>
						<line number="1239" hits="0"/>
						<line number="1241" hits="0" branch="true" condition-coverage="0% (0/2)" missing-branches="1243,1309"/>
						<line number="1243" hits="0" branch="true" condition-coverage="0% (0/2)" missing-branches="1244,1282"/>
						<line number="1244" hits="0"/>
						<line number="1245" hits="0"/>
						<line number="1246" hits="0"/>
						<line number="1247" hits="0"/>
						<line number="1248" hits="0"/>
						<line number="1249" hits="0"/>
						<line number="1250" hits="0"/>
						<line number="1251" hits="0"/>
						<line number="1254" hits="0"/>
						<line number="1255" hits="0"/>
						<line number="1258" hits="0"/>
						<line number="1259" hits="0"/>
						<line number="1260" hits="0"/>
						<line number="1261" hits="0"/>
						<line number="1264" hits="0"/>
						<line number="1267" hits="0"/>
						<line number="1268" hits="0"/>
						<line number="1270" hits="0"/>
						<line number="1272" hits="0"/>
						<line number="1277" hits="0"/>
						<line number="1278" hits="0"/>
						<line number="1279" hits="0"/>
						<line number="1282" hits="0"/>
						<line number="1283" hits="0"/>
						<line number="1284" hits="0"/>
						<line number="1285" hits="0"/>
						<line number="1286" hits="0"/>
						<line number="1287" hits="0"/>
						<line number="1288" hits="0"/>
						<line number="1291" hits="0"/>
						<line number="1294" hits="0"/>
						<line number="1297" hits="0"/>
						<line number="1298" hits="0"/>
						<line number="1300" hits="0"/>
						<line number="1305" hits="0"/>
						<line number="1306" hits="0"/>
						<line number="1307" hits="0"/>
						<line number="1309" hits="0" branch="true" condition-coverage="0% (0/2)" missing-branches="exit,1311"/>
						<line number="1311" hits="0"/>
						<line number="1313" hits="0" branch="true" condition-coverage="0% (0/2)" missing-branches="1314,1321"/>
						<line number="1314" hits="0"/>
						<line number="1315" hits="0"/>
						<line number="1321" hits="0"/>
						<line number="1322" hits="0" branch="true" condition-coverage="0% (0/2)" missing-branches="1323,1326"/>
						<line number="1323" hits="0"/>
						<line number="1324" hits="0"/>
						<line number="1326" hits="0"/>
						<line number="1327" hits="0"/>
						<line number="1328" hits="0"/>
						<line number="1329" hits="0"/>
						<line number="1330" hits="0"/>
						<line number="1331" hits="0"/>
						<line number="1332" hits="0"/>
						<line number="1333" hits="0"/>
						<line number="1334" hits="0"/>
						<line number="1337" hits="0" branch="true" condition-coverage="0% (0/2)" missing-branches="1338,1345"/>
						<line number="1338" hits="0"/>
						<line number="1339" hits="0"/>
						<line number="1345" hits="0"/>
						<line number="1346" hits="0"/>
						<line number="1349" hits="0"/>
						<line number="1350" hits="0"/>
						<line number="1351" hits="0"/>
						<line number="1354" hits="0"/>
						<line number="1355" hits="0"/>
						<line number="1357" hits="0"/>
						<line number="1359" hits="0"/>
						<line number="1360" hits="0"/>
						<line number="1362" hits="0"/>
						<line number="1363" hits="0"/>
						<line number="1364" hits="0"/>
						<line number="1369" hits="1"/>
						<line number="1370" hits="1"/>
						<line number="1372" hits="0" branch="true" condition-coverage="0% (0/2)" missing-branches="1373,1376"/>
						<line number="1373" hits="0"/>
						<line number="1374" hits="0"/>
						<line number="1376" hits="0"/>
						<line number="1377" hits="0"/>
						<line number="1379" hits="0" branch="true" condition-coverage="0% (0/2)" missing-branches="1380,1384"/>
						<line number="1380" hits="0"/>
						<line number="1381" hits="0"/>
						<line number="1382" hits="0"/>
						<line number="1384" hits="0" branch="true" condition-coverage="0% (0/2)" missing-branches="1385,1387"/>
						<line number="1385" hits="0"/>
						<line number="1387" hits="0" branch="true" condition-coverage="0% (0/2)" missing-branches="exit,1388"/>
						<line number="1388" hits="0"/>
						<line number="1389" hits="0"/>
						<line number="1391" hits="0" branch="true" condition-coverage="0% (0/2)" missing-branches="1392,1395"/>
						<line number="1392" hits="0"/>
						<line number="1393" hits="0"/>
						<line number="1395" hits="0"/>
						<line number="1396" hits="0"/>
						<line number="1397" hits="0"/>
						<line number="1398" hits="0"/>
						<line number="1399" hits="0"/>
						<line number="1400" hits="0"/>
						<line number="1401" hits="0"/>
						<line number="1402" hits="0"/>
						<line number="1403" hits="0"/>
						<line number="1404" hits="0"/>
						<line number="1407" hits="0" branch="true" condition-coverage="0% (0/2)" missing-branches="1408,1427"/>
						<line number="1408" hits="0" branch="true" condition-coverage="0% (0/2)" missing-branches="1409,1427"/>
						<line number="1409" hits="0"/>
						<line number="1410" hits="0" branch="true" condition-coverage="0% (0/2)" missing-branches="1412,1427"/>
						<line number="1412" hits="0"/>
						<line number="1413" hits="0"/>
						<line number="1414" hits="0"/>
						<line number="1415" hits="0"/>
						<line number="1418" hits="0"/>
						<line number="1419" hits="0"/>
						<line number="1421" hits="0"/>
						<line number="1423" hits="0"/>
						<line number="1424" hits="0"/>
						<line number="1427" hits="0" branch="true" condition-coverage="0% (0/2)" missing-branches="1428,1453"/>
						<line number="1428" hits="0"/>
						<line number="1429" hits="0"/>
						<line number="1431" hits="0" branch="true" condition-coverage="0% (0/2)" missing-branches="1433,1453"/>
						<line number="1433" hits="0"/>
						<line number="1434" hits="0"/>
						<line number="1435" hits="0"/>
						<line number="1438" hits="0"/>
						<line number="1439" hits="0"/>
						<line number="1440" hits="0"/>
						<line number="1441" hits="0"/>
						<line number="1444" hits="0"/>
						<line number="1445" hits="0"/>
						<line number="1447" hits="0"/>
						<line number="1449" hits="0"/>
						<line number="1450" hits="0"/>
						<line number="1453" hits="0"/>
						<line number="1454" hits="0"/>
						<line number="1456" hits="0"/>
						<line number="1457" hits="0"/>
						<line number="1458" hits="0"/>
						<line number="1460" hits="1"/>
						<line number="1461" hits="1"/>
						<line number="1463" hits="0" branch="true" condition-coverage="0% (0/2)" missing-branches="1464,1467"/>
						<line number="1464" hits="0"/>
						<line number="1465" hits="0"/>
						<line number="1467" hits="0"/>
						<line number="1468" hits="0" branch="true" condition-coverage="0% (0/2)" missing-branches="1469,1473"/>
						<line number="1469" hits="0"/>
						<line number="1470" hits="0"/>
						<line number="1473" hits="0"/>
						<line number="1474" hits="0" branch="true" condition-coverage="0% (0/2)" missing-branches="1475,1478"/>
						<line number="1475" hits="0"/>
						<line number="1476" hits="0"/>
						<line number="1478" hits="0"/>
						<line number="1480" hits="0"/>
						<line number="1481" hits="0"/>
						<line number="1482" hits="0"/>
						<line number="1483" hits="0"/>
						<line number="1484" hits="0"/>
						<line number="1486" hits="0"/>
						<line number="1488" hits="0"/>
						<line number="1489" hits="0"/>
						<line number="1491" hits="0"/>
						<line number="1492" hits="0"/>
						<line number="1493" hits="0"/>
						<line number="1495" hits="1"/>
						<line number="1496" hits="1"/>
						<line number="1498" hits="0" branch="true" condition-coverage="0% (0/2)" missing-branches="1499,1502"/>
						<line number="1499" hits="0"/>
						<line number="1500" hits="0"/>
						<line number="1502" hits="0"/>
						<line number="1503" hits="0" branch="true" condition-coverage="0% (0/2)" missing-branches="1504,1507"/>
						<line number="1504" hits="0"/>
						<line number="1505" hits="0"/>
						<line number="1507" hits="0" branch="true" condition-coverage="0% (0/2)" missing-branches="1508,1512"/>
						<line number="1508" hits="0"/>
						<line number="1509" hits="0"/>
						<line number="1512" hits="0"/>
						<line number="1513" hits="0" branch="true" condition-coverage="0% (0/2)" missing-branches="1514,1517"/>
						<line number="1514" hits="0"/>
						<line number="1515" hits="0"/>
						<line number="1517" hits="0"/>
						<line number="1518" hits="0"/>
						<line number="1519" hits="0"/>
						<line number="1520" hits="0"/>
						<line number="1521" hits="0"/>
						<line number="1522" hits="0"/>
						<line number="1523" hits="0"/>
						<line number="1524" hits="0"/>
						<line number="1527" hits="0"/>
						<line number="1528" hits="0"/>
						<line number="1531" hits="0"/>
						<line number="1532" hits="0"/>
						<line number="1534" hits="0"/>
						<line number="1536" hits="0"/>
						<line number="1537" hits="0"/>
						<line number="1539" hits="0"/>
						<line number="1540" hits="0"/>
						<line number="1541" hits="0"/>
						<line number="1544" hits="1"/>
						<line number="1545" hits="1"/>
						<line number="1547" hits="0" branch="true" condition-coverage="0% (0/2)" missing-branches="1548,1551"/>
						<line number="1548" hits="0"/>
						<line number="1549" hits="0"/>
						<line number="1551" hits="0"/>
						<line number="1552" hits="0" branch="true" condition-coverage="0% (0/2)" missing-branches="1553,1557"/>
						<line number="1553" hits="0"/>
						<line number="1554" hits="0"/>
						<line number="1557" hits="0" branch="true" condition-coverage="0% (0/2)" missing-branches="1558,1562"/>
						<line number="1558" hits="0"/>
						<line number="1559" hits="0"/>
						<line number="1562" hits="0"/>
						<line number="1563" hits="0"/>
						<line number="1564" hits="0"/>
						<line number="1567" hits="0"/>
						<line number="1568" hits="0"/>
						<line number="1571" hits="0"/>
						<line number="1572" hits="0"/>
						<line number="1574" hits="1"/>
						<line number="1575" hits="1"/>
						<line number="1577" hits="0" branch="true" condition-coverage="0% (0/2)" missing-branches="1578,1581"/>
						<line number="1578" hits="0"/>
						<line number="1579" hits="0"/>
						<line number="1581" hits="0"/>
						<line number="1582" hits="0" branch="true" condition-coverage="0% (0/2)" missing-branches="1583,1587"/>
						<line number="1583" hits="0"/>
						<line number="1584" hits="0"/>
						<line number="1587" hits="0"/>
						<line number="1588" hits="0"/>
						<line number="1589" hits="0"/>
						<line number="1590" hits="0"/>
						<line number="1591" hits="0"/>
						<line number="1594" hits="0"/>
						<line number="1595" hits="0"/>
						<line number="1598" hits="0"/>
						<line number="1599" hits="0"/>
						<line number="1601" hits="1"/>
						<line number="1602" hits="1"/>
						<line number="1603" hits="0" branch="true" condition-coverage="0% (0/2)" missing-branches="1604,1619"/>
						<line number="1604" hits="0"/>
						<line number="1605" hits="0"/>
						<line number="1607" hits="0" branch="true" condition-coverage="0% (0/2)" missing-branches="1608,1611"/>
						<line number="1608" hits="0"/>
						<line number="1609" hits="0"/>
						<line number="1611" hits="0" branch="true" condition-coverage="0% (0/2)" missing-branches="1612,1616"/>
						<line number="1612" hits="0"/>
						<line number="1613" hits="0"/>
						<line number="1616" hits="0"/>
						<line number="1617" hits="0"/>
						<line number="1619" hits="0"/>
						<line number="1621" hits="1"/>
						<line number="1622" hits="1"/>
						<line number="1623" hits="0"/>
						<line number="1624" hits="0" branch="true" condition-coverage="0% (0/2)" missing-branches="1625,1628"/>
						<line number="1625" hits="0"/>
						<line number="1626" hits="0"/>
						<line number="1628" hits="0"/>
						<line number="1629" hits="0" branch="true" condition-coverage="0% (0/2)" missing-branches="1630,1633"/>
						<line number="1630" hits="0"/>
						<line number="1631" hits="0"/>
						<line number="1633" hits="0" branch="true" condition-coverage="0% (0/2)" missing-branches="1634,1643"/>
						<line number="1634" hits="0"/>
						<line number="1636" hits="0" branch="true" condition-coverage="0% (0/2)" missing-branches="1638,1641"/>
						<line number="1638" hits="0"/>
						<line number="1639" hits="0"/>
						<line number="1641" hits="0"/>
						<line number="1643" hits="0"/>
						<line number="1645" hits="1"/>
						<line number="1646" hits="1"/>
						<line number="1647" hits="0"/>
						<line number="1648" hits="0" branch="true" condition-coverage="0% (0/2)" missing-branches="1649,1652"/>
						<line number="1649" hits="0"/>
						<line number="1650" hits="0"/>
						<line number="1652" hits="0"/>
						<line number="1653" hits="0" branch="true" condition-coverage="0% (0/2)" missing-branches="1654,1657"/>
						<line number="1654" hits="0"/>
						<line number="1655" hits="0"/>
						<line number="1657" hits="0" branch="true" condition-coverage="0% (0/2)" missing-branches="1658,1697"/>
						<line number="1658" hits="0"/>
						<line number="1659" hits="0"/>
						<line number="1661" hits="0" branch="true" condition-coverage="0% (0/2)" missing-branches="1662,1666"/>
						<line number="1662" hits="0"/>
						<line number="1663" hits="0"/>
						<line number="1666" hits="0"/>
						<line number="1667" hits="0" branch="true" condition-coverage="0% (0/2)" missing-branches="1668,1673"/>
						<line number="1668" hits="0" branch="true" condition-coverage="0% (0/2)" missing-branches="1669,1670"/>
						<line number="1669" hits="0"/>
						<line number="1670" hits="0"/>
						<line number="1673" hits="0"/>
						<line number="1674" hits="0"/>
						<line number="1675" hits="0"/>
						<line number="1678" hits="0" branch="true" condition-coverage="0% (0/2)" missing-branches="1679,1682"/>
						<line number="1679" hits="0"/>
						<line number="1682" hits="0"/>
						<line number="1684" hits="0"/>
						<line number="1687" hits="0"/>
						<line number="1691" hits="0"/>
						<line number="1692" hits="0"/>
						<line number="1694" hits="0"/>
						<line number="1695" hits="0"/>
						<line number="1697" hits="0"/>
						<line number="1700" hits="1"/>
						<line number="1701" hits="1"/>
						<line number="1702" hits="0" branch="true" condition-coverage="0% (0/2)" missing-branches="1703,1706"/>
						<line number="1703" hits="0"/>
						<line number="1706" hits="0"/>
						<line number="1707" hits="0"/>
						<line number="1710" hits="0"/>
						<line number="1722" hits="0" branch="true" condition-coverage="0% (0/2)" missing-branches="1723,1726"/>
						<line number="1723" hits="0"/>
						<line number="1726" hits="0" branch="true" condition-coverage="0% (0/2)" missing-branches="1727,1729"/>
						<line number="1727" hits="0"/>
						<line number="1729" hits="0"/>
						<line number="1731" hits="0"/>
						<line number="1733" hits="1"/>
						<line number="1734" hits="1"/>
						<line number="1735" hits="0" branch="true" condition-coverage="0% (0/2)" missing-branches="1736,1738"/>
						<line number="1736" hits="0"/>
						<line number="1738" hits="0" branch="true" condition-coverage="0% (0/2)" missing-branches="1742,1767"/>
						<line number="1742" hits="0"/>
						<line number="1752" hits="0"/>
						<line number="1753" hits="0"/>
						<line number="1756" hits="0"/>
						<line number="1764" hits="0"/>
						<line number="1765" hits="0"/>
						<line number="1767" hits="0"/>
						<line number="1769" hits="1"/>
						<line number="1770" hits="1"/>
						<line number="1771" hits="0" branch="true" condition-coverage="0% (0/2)" missing-branches="1772,1774"/>
						<line number="1772" hits="0"/>
						<line number="1774" hits="0"/>
						<line number="1776" hits="0" branch="true" condition-coverage="0% (0/2)" missing-branches="1778,1807"/>
						<line number="1778" hits="0"/>
						<line number="1780" hits="0"/>
						<line number="1781" hits="0"/>
						<line number="1782" hits="0"/>
						<line number="1783" hits="0"/>
						<line number="1784" hits="0"/>
						<line number="1785" hits="0"/>
						<line number="1786" hits="0"/>
						<line number="1787" hits="0"/>
						<line number="1789" hits="0"/>
						<line number="1792" hits="0"/>
						<line number="1793" hits="0" branch="true" condition-coverage="0% (0/2)" missing-branches="1794,1796"/>
						<line number="1794" hits="0"/>
						<line number="1796" hits="0"/>
						<line number="1804" hits="0"/>
						<line number="1805" hits="0"/>
						<line number="1807" hits="0"/>
						<line number="1809" hits="1"/>
						<line number="1810" hits="1"/>
						<line number="1811" hits="0" branch="true" condition-coverage="0% (0/2)" missing-branches="1812,1814"/>
						<line number="1812" hits="0"/>
						<line number="1814" hits="0"/>
						<line number="1815" hits="0"/>
						<line number="1816" hits="0"/>
						<line number="1818" hits="0"/>
						<line number="1819" hits="0"/>
						<line number="1820" hits="0"/>
						<line number="1822" hits="0"/>
						<line number="1830" hits="0"/>
						<line number="1831" hits="0"/>
						<line number="1832" hits="0"/>
						<line number="1833" hits="0"/>
						<line number="1836" hits="0"/>
						<line number="1838" hits="1"/>
						<line number="1839" hits="1"/>
						<line number="1840" hits="0" branch="true" condition-coverage="0% (0/2)" missing-branches="1841,1844"/>
						<line number="1841" hits="0"/>
						<line number="1844" hits="0"/>
						<line number="1845" hits="0"/>
						<line number="1846" hits="0"/>
						<line number="1847" hits="0"/>
						<line number="1850" hits="0"/>
						<line number="1853" hits="0"/>
						<line number="1855" hits="0"/>
						<line number="1864" hits="1"/>
						<line number="1865" hits="1"/>
						<line number="1866" hits="0" branch="true" condition-coverage="0% (0/2)" missing-branches="1867,1869"/>
						<line number="1867" hits="0"/>
						<line number="1869" hits="0"/>
						<line number="1870" hits="0"/>
						<line number="1871" hits="0"/>
						<line number="1872" hits="0"/>
						<line number="1873" hits="0"/>
						<line number="1875" hits="0"/>
						<line number="1876" hits="0"/>
						<line number="1878" hits="1"/>
						<line number="1879" hits="1"/>
						<line number="1880" hits="0" branch="true" condition-coverage="0% (0/2)" missing-branches="1881,1883"/>
						<line number="1881" hits="0"/>
						<line number="1883" hits="0" branch="true" condition-coverage="0% (0/2)" missing-branches="1884,1929"/>
						<line number="1884" hits="0"/>
						<line number="1889" hits="0"/>
						<line number="1890" hits="0" branch="true" condition-coverage="0% (0/2)" missing-branches="1891,1893"/>
						<line number="1891" hits="0"/>
						<line number="1893" hits="0"/>
						<line number="1894" hits="0"/>
						<line number="1895" hits="0"/>
						<line number="1896" hits="0"/>
						<line number="1898" hits="0"/>
						<line number="1910" hits="0"/>
						<line number="1911" hits="0"/>
						<line number="1914" hits="0"/>
						<line number="1922" hits="0"/>
						<line number="1923" hits="0"/>
						<line number="1924" hits="0"/>
						<line number="1926" hits="0"/>
						<line number="1927" hits="0"/>
						<line number="1929" hits="0"/>
						<line number="1930" hits="0"/>
						<line number="1931" hits="0"/>
						<line number="1932" hits="0"/>
						<line number="1934" hits="0"/>
						<line number="1936" hits="1"/>
						<line number="1937" hits="1"/>
						<line number="1938" hits="0" branch="true" condition-coverage="0% (0/2)" missing-branches="1939,1941"/>
						<line number="1939" hits="0"/>
						<line number="1941" hits="0"/>
						<line number="1943" hits="0" branch="true" condition-coverage="0% (0/2)" missing-branches="1944,1998"/>
						<line number="1944" hits="0"/>
						<line number="1946" hits="0"/>
						<line number="1947" hits="0"/>
						<line number="1950" hits="0"/>
						<line number="1951" hits="0" branch="true" condition-coverage="0% (0/2)" missing-branches="1952,1954"/>
						<line number="1952" hits="0"/>
						<line number="1954" hits="0"/>
						<line number="1955" hits="0"/>
						<line number="1956" hits="0"/>
						<line number="1957" hits="0"/>
						<line number="1960" hits="0"/>
						<line number="1961" hits="0"/>
						<line number="1962" hits="0"/>
						<line number="1963" hits="0"/>
						<line number="1964" hits="0"/>
						<line number="1965" hits="0"/>
						<line number="1966" hits="0"/>
						<line number="1967" hits="0"/>
						<line number="1968" hits="0"/>
						<line number="1969" hits="0"/>
						<line number="1971" hits="0"/>
						<line number="1974" hits="0"/>
						<line number="1975" hits="0" branch="true" condition-coverage="0% (0/2)" missing-branches="1976,1977"/>
						<line number="1976" hits="0"/>
						<line number="1977" hits="0" branch="true" condition-coverage="0% (0/2)" missing-branches="1978,1980"/>
						<line number="1978" hits="0"/>
						<line number="1980" hits="0"/>
						<line number="1988" hits="0"/>
						<line number="1989" hits="0"/>
						<line number="1990" hits="0"/>
						<line number="1991" hits="0"/>
						<line number="1993" hits="0"/>
						<line number="1994" hits="0"/>
						<line number="1995" hits="0"/>
						<line number="1998" hits="0"/>
						<line number="1999" hits="0"/>
						<line number="2000" hits="0"/>
						<line number="2001" hits="0"/>
						<line number="2003" hits="0"/>
						<line number="2005" hits="1"/>
						<line number="2006" hits="1"/>
						<line number="2007" hits="0" branch="true" condition-coverage="0% (0/2)" missing-branches="2008,2010"/>
						<line number="2008" hits="0"/>
						<line number="2010" hits="0"/>
						<line number="2011" hits="0"/>
						<line number="2012" hits="0"/>
						<line number="2014" hits="0"/>
						<line number="2015" hits="0"/>
						<line number="2016" hits="0"/>
						<line number="2018" hits="0"/>
						<line number="2026" hits="0"/>
						<line number="2027" hits="0"/>
						<line number="2028" hits="0"/>
						<line number="2029" hits="0"/>
						<line number="2032" hits="0"/>
						<line number="2035" hits="1"/>
						<line number="2036" hits="1"/>
						<line number="2037" hits="0" branch="true" condition-coverage="0% (0/2)" missing-branches="2038,2041"/>
						<line number="2038" hits="0"/>
						<line number="2041" hits="0"/>
						<line number="2042" hits="0"/>
						<line number="2044" hits="0"/>
						<line number="2046" hits="1"/>
						<line number="2047" hits="1"/>
						<line number="2048" hits="0" branch="true" condition-coverage="0% (0/2)" missing-branches="2049,2051"/>
						<line number="2049" hits="0"/>
						<line number="2051" hits="0"/>
						<line number="2052" hits="0" branch="true" condition-coverage="0% (0/2)" missing-branches="2053,2056"/>
						<line number="2053" hits="0"/>
						<line number="2054" hits="0"/>
						<line number="2056" hits="0" branch="true" condition-coverage="0% (0/2)" missing-branches="2057,2128"/>
						<line number="2057" hits="0"/>
						<line number="2058" hits="0"/>
						<line number="2059" hits="0"/>
						<line number="2060" hits="0"/>
						<line number="2062" hits="0" branch="true" condition-coverage="0% (0/2)" missing-branches="2063,2066"/>
						<line number="2063" hits="0"/>
						<line number="2064" hits="0"/>
						<line number="2066" hits="0"/>
						<line number="2067" hits="0" branch="true" condition-coverage="0% (0/2)" missing-branches="2068,2071"/>
						<line number="2068" hits="0"/>
						<line number="2069" hits="0"/>
						<line number="2071" hits="0" branch="true" condition-coverage="0% (0/2)" missing-branches="2072,2076"/>
						<line number="2072" hits="0"/>
						<line number="2073" hits="0"/>
						<line number="2076" hits="0"/>
						<line number="2077" hits="0"/>
						<line number="2079" hits="0" branch="true" condition-coverage="0% (0/2)" missing-branches="2080,2083"/>
						<line number="2080" hits="0"/>
						<line number="2081" hits="0"/>
						<line number="2083" hits="0"/>
						<line number="2084" hits="0"/>
						<line number="2087" hits="0"/>
						<line number="2088" hits="0"/>
						<line number="2091" hits="0"/>
						<line number="2097" hits="0" branch="true" condition-coverage="0% (0/2)" missing-branches="2098,2102"/>
						<line number="2098" hits="0"/>
						<line number="2099" hits="0"/>
						<line number="2102" hits="0"/>
						<line number="2103" hits="0"/>
						<line number="2104" hits="0"/>
						<line number="2106" hits="0"/>
						<line number="2117" hits="0"/>
						<line number="2118" hits="0"/>
						<line number="2120" hits="0"/>
						<line number="2121" hits="0"/>
						<line number="2122" hits="0"/>
						<line number="2124" hits="0"/>
						<line number="2125" hits="0"/>
						<line number="2126" hits="0"/>
						<line number="2128" hits="0"/>
						<line number="2130" hits="1"/>
						<line number="2131" hits="1"/>
						<line number="2132" hits="0" branch="true" condition-coverage="0% (0/2)" missing-branches="2133,2135"/>
						<line number="2133" hits="0"/>
						<line number="2135" hits="0"/>
						<line number="2136" hits="0" branch="true" condition-coverage="0% (0/2)" missing-branches="2137,2140"/>
						<line number="2137" hits="0"/>
						<line number="2138" hits="0"/>
						<line number="2140" hits="0"/>
						<line number="2142" hits="0" branch="true" condition-coverage="0% (0/2)" missing-branches="2143,2169"/>
						<line number="2143" hits="0"/>
						<line number="2144" hits="0"/>
						<line number="2145" hits="0"/>
						<line number="2146" hits="0"/>
						<line number="2147" hits="0"/>
						<line number="2149" hits="0" branch="true" condition-coverage="0% (0/2)" missing-branches="2150,2152"/>
						<line number="2150" hits="0"/>
						<line number="2152" hits="0"/>
						<line number="2153" hits="0"/>
						<line number="2154" hits="0"/>
						<line number="2155" hits="0"/>
						<line number="2156" hits="0"/>
						<line number="2157" hits="0"/>
						<line number="2158" hits="0"/>
						<line number="2160" hits="0"/>
						<line number="2162" hits="0"/>
						<line number="2163" hits="0"/>
						<line number="2164" hits="0"/>
						<line number="2165" hits="0"/>
						<line number="2166" hits="0"/>
						<line number="2167" hits="0"/>
						<line number="2169" hits="0"/>
						<line number="2171" hits="1"/>
						<line number="2172" hits="1"/>
						<line number="2173" hits="0" branch="true" condition-coverage="0% (0/2)" missing-branches="2174,2176"/>
						<line number="2174" hits="0"/>
						<line number="2176" hits="0"/>
						<line number="2177" hits="0" branch="true" condition-coverage="0% (0/2)" missing-branches="2178,2181"/>
						<line number="2178" hits="0"/>
						<line number="2179" hits="0"/>
						<line number="2181" hits="0"/>
						<line number="2182" hits="0"/>
						<line number="2183" hits="0"/>
						<line number="2185" hits="0"/>
						<line number="2187" hits="0"/>
						<line number="2188" hits="0"/>
						<line number="2191" hits="0"/>
						<line number="2192" hits="0"/>
						<line number="2194" hits="0"/>
						<line number="2195" hits="0"/>
						<line number="2196" hits="0"/>
						<line number="2197" hits="0"/>
						<line number="2198" hits="0"/>
						<line number="2200" hits="0"/>
						<line number="2202" hits="1"/>
						<line number="2203" hits="1"/>
						<line number="2204" hits="0" branch="true" condition-coverage="0% (0/2)" missing-branches="2205,2207"/>
						<line number="2205" hits="0"/>
						<line number="2207" hits="0"/>
						<line number="2209" hits="0" branch="true" condition-coverage="0% (0/2)" missing-branches="2210,2213"/>
						<line number="2210" hits="0"/>
						<line number="2211" hits="0"/>
						<line number="2213" hits="0"/>
						<line number="2215" hits="0"/>
						<line number="2218" hits="0"/>
						<line number="2220" hits="0" branch="true" condition-coverage="0% (0/2)" missing-branches="2221,2224"/>
						<line number="2221" hits="0"/>
						<line number="2222" hits="0"/>
						<line number="2224" hits="0"/>
						<line number="2227" hits="0"/>
						<line number="2228" hits="0"/>
						<line number="2229" hits="0"/>
						<line number="2230" hits="0"/>
						<line number="2233" hits="1"/>
						<line number="2234" hits="1"/>
						<line number="2235" hits="0" branch="true" condition-coverage="0% (0/2)" missing-branches="2236,2238"/>
						<line number="2236" hits="0"/>
						<line number="2238" hits="0"/>
						<line number="2239" hits="0" branch="true" condition-coverage="0% (0/2)" missing-branches="2240,2243"/>
						<line number="2240" hits="0"/>
						<line number="2241" hits="0"/>
						<line number="2243" hits="0" branch="true" condition-coverage="0% (0/2)" missing-branches="2244,2272"/>
						<line number="2244" hits="0"/>
						<line number="2245" hits="0"/>
						<line number="2246" hits="0"/>
						<line number="2247" hits="0"/>
						<line number="2248" hits="0"/>
						<line number="2250" hits="0" branch="true" condition-coverage="0% (0/2)" missing-branches="2251,2253"/>
						<line number="2251" hits="0"/>
						<line number="2253" hits="0"/>
						<line number="2254" hits="0"/>
						<line number="2255" hits="0"/>
						<line number="2262" hits="0"/>
						<line number="2263" hits="0"/>
						<line number="2265" hits="0"/>
						<line number="2266" hits="0"/>
						<line number="2267" hits="0"/>
						<line number="2268" hits="0"/>
						<line number="2269" hits="0"/>
						<line number="2270" hits="0"/>
						<line number="2272" hits="0"/>
						<line number="2274" hits="1"/>
						<line number="2275" hits="1"/>
						<line number="2276" hits="0" branch="true" condition-coverage="0% (0/2)" missing-branches="2277,2279"/>
						<line number="2277" hits="0"/>
						<line number="2279" hits="0"/>
						<line number="2280" hits="0" branch="true" condition-coverage="0% (0/2)" missing-branches="2281,2284"/>
						<line number="2281" hits="0"/>
						<line number="2282" hits="0"/>
						<line number="2284" hits="0"/>
						<line number="2286" hits="0" branch="true" condition-coverage="0% (0/2)" missing-branches="2287,2315"/>
						<line number="2287" hits="0"/>
						<line number="2288" hits="0"/>
						<line number="2289" hits="0"/>
						<line number="2290" hits="0"/>
						<line number="2291" hits="0"/>
						<line number="2292" hits="0"/>
						<line number="2294" hits="0" branch="true" condition-coverage="0% (0/2)" missing-branches="2295,2297"/>
						<line number="2295" hits="0"/>
						<line number="2297" hits="0"/>
						<line number="2298" hits="0"/>
						<line number="2299" hits="0"/>
						<line number="2300" hits="0"/>
						<line number="2301" hits="0"/>
						<line number="2302" hits="0"/>
						<line number="2303" hits="0"/>
						<line number="2304" hits="0"/>
						<line number="2306" hits="0"/>
						<line number="2308" hits="0"/>
						<line number="2309" hits="0"/>
						<line number="2310" hits="0"/>
						<line number="2311" hits="0"/>
						<line number="2312" hits="0"/>
						<line number="2313" hits="0"/>
						<line number="2315" hits="0"/>
						<line number="2317" hits="1"/>
						<line number="2318" hits="1"/>
						<line number="2319" hits="0" branch="true" condition-coverage="0% (0/2)" missing-branches="2320,2322"/>
						<line number="2320" hits="0"/>
						<line number="2322" hits="0"/>
						<line number="2323" hits="0" branch="true" condition-coverage="0% (0/2)" missing-branches="2324,2327"/>
						<line number="2324" hits="0"/>
						<line number="2325" hits="0"/>
						<line number="2327" hits="0"/>
						<line number="2328" hits="0"/>
						<line number="2330" hits="0"/>
						<line number="2331" hits="0"/>
						<line number="2332" hits="0"/>
						<line number="2334" hits="0"/>
						<line number="2335" hits="0"/>
						<line number="2336" hits="0"/>
						<line number="2337" hits="0"/>
						<line number="2338" hits="0"/>
						<line number="2340" hits="0"/>
						<line number="2343" hits="1"/>
						<line number="2344" hits="1"/>
						<line number="2345" hits="0" branch="true" condition-coverage="0% (0/2)" missing-branches="2346,2349"/>
						<line number="2346" hits="0"/>
						<line number="2347" hits="0"/>
						<line number="2349" hits="0"/>
						<line number="2350" hits="0"/>
						<line number="2351" hits="0"/>
						<line number="2353" hits="1"/>
						<line number="2354" hits="1"/>
						<line number="2355" hits="0" branch="true" condition-coverage="0% (0/2)" missing-branches="2356,2360"/>
						<line number="2356" hits="0"/>
						<line number="2357" hits="0"/>
						<line number="2360" hits="0"/>
						<line number="2361" hits="0"/>
						<line number="2362" hits="0"/>
						<line number="2363" hits="0"/>
						<line number="2366" hits="0"/>
						<line number="2374" hits="0" branch="true" condition-coverage="0% (0/2)" missing-branches="2375,2378"/>
						<line number="2375" hits="0"/>
						<line number="2378" hits="0" branch="true" condition-coverage="0% (0/2)" missing-branches="2379,2383"/>
						<line number="2379" hits="0"/>
						<line number="2383" hits="0"/>
						<line number="2387" hits="0"/>
						<line number="2389" hits="1"/>
						<line number="2390" hits="1"/>
						<line number="2391" hits="0" branch="true" condition-coverage="0% (0/2)" missing-branches="2392,2395"/>
						<line number="2392" hits="0"/>
						<line number="2393" hits="0"/>
						<line number="2395" hits="0"/>
						<line number="2397" hits="0"/>
						<line number="2398" hits="0"/>
						<line number="2399" hits="0"/>
						<line number="2400" hits="0"/>
						<line number="2401" hits="0"/>
						<line number="2404" hits="0"/>
						<line number="2407" hits="0"/>
						<line number="2408" hits="0"/>
						<line number="2411" hits="0"/>
						<line number="2414" hits="0"/>
						<line number="2445" hits="0"/>
						<line number="2446" hits="0"/>
						<line number="2448" hits="0"/>
						<line number="2449" hits="0"/>
						<line number="2451" hits="1"/>
						<line number="2452" hits="1"/>
						<line number="2453" hits="0" branch="true" condition-coverage="0% (0/2)" missing-branches="2454,2457"/>
						<line number="2454" hits="0"/>
						<line number="2455" hits="0"/>
						<line number="2457" hits="0"/>
						<line number="2460" hits="0"/>
						<line number="2461" hits="0" branch="true" condition-coverage="0% (0/2)" missing-branches="2463,2476"/>
						<line number="2463" hits="0"/>
						<line number="2464" hits="0"/>
						<line number="2476" hits="0"/>
						<line number="2478" hits="0"/>
						<line number="2481" hits="1"/>
						<line number="2482" hits="1"/>
						<line number="2483" hits="0" branch="true" condition-coverage="0% (0/2)" missing-branches="2484,2487"/>
						<line number="2484" hits="0"/>
						<line number="2485" hits="0"/>
						<line number="2487" hits="0"/>
						<line number="2488" hits="0"/>
						<line number="2490" hits="1"/>
						<line number="2491" hits="1"/>
						<line number="2492" hits="0" branch="true" condition-coverage="0% (0/2)" missing-branches="2493,2496"/>
						<line number="2493" hits="0"/>
						<line number="2494" hits="0"/>
						<line number="2496" hits="0" branch="true" condition-coverage="0% (0/2)" missing-branches="2497,2510"/>
						<line number="2497" hits="0"/>
						<line number="2498" hits="0"/>
						<line number="2499" hits="0" branch="true" condition-coverage="0% (0/2)" missing-branches="2500,2503"/>
						<line number="2500" hits="0"/>
						<line number="2501" hits="0"/>
						<line number="2503" hits="0"/>
						<line number="2504" hits="0"/>
						<line number="2506" hits="0"/>
						<line number="2508" hits="0"/>
						<line number="2510" hits="0"/>
						<line number="2512" hits="1"/>
						<line number="2513" hits="1"/>
						<line number="2514" hits="0" branch="true" condition-coverage="0% (0/2)" missing-branches="2515,2518"/>
						<line number="2515" hits="0"/>
						<line number="2516" hits="0"/>
						<line number="2518" hits="0"/>
						<line number="2520" hits="0"/>
						<line number="2523" hits="0"/>
						<line number="2525" hits="0" branch="true" condition-coverage="0% (0/2)" missing-branches="2526,2529"/>
						<line number="2526" hits="0"/>
						<line number="2527" hits="0"/>
						<line number="2529" hits="0"/>
						<line number="2532" hits="0"/>
						<line number="2533" hits="0"/>
						<line number="2535" hits="0"/>
						<line number="2537" hits="0"/>
						<line number="2539" hits="1"/>
						<line number="2540" hits="1"/>
						<line number="2541" hits="0" branch="true" condition-coverage="0% (0/2)" missing-branches="2542,2545"/>
						<line number="2542" hits="0"/>
						<line number="2543" hits="0"/>
						<line number="2545" hits="0"/>
						<line number="2547" hits="0"/>
						<line number="2548" hits="0"/>
						<line number="2550" hits="0"/>
						<line number="2551" hits="0"/>
						<line number="2552" hits="0"/>
						<line number="2554" hits="0"/>
						<line number="2555" hits="0"/>
						<line number="2557" hits="0"/>
						<line number="2559" hits="1"/>
						<line number="2560" hits="1"/>
						<line number="2561" hits="0" branch="true" condition-coverage="0% (0/2)" missing-branches="2562,2565"/>
						<line number="2562" hits="0"/>
						<line number="2563" hits="0"/>
						<line number="2565" hits="0" branch="true" condition-coverage="0% (0/2)" missing-branches="2566,2655"/>
						<line number="2566" hits="0" branch="true" condition-coverage="0% (0/2)" missing-branches="2567,2570"/>
						<line number="2567" hits="0"/>
						<line number="2568" hits="0"/>
						<line number="2570" hits="0"/>
						<line number="2571" hits="0" branch="true" condition-coverage="0% (0/2)" missing-branches="2572,2575"/>
						<line number="2572" hits="0"/>
						<line number="2573" hits="0"/>
						<line number="2575" hits="0" branch="true" condition-coverage="0% (0/2)" missing-branches="2576,2653"/>
						<line number="2576" hits="0"/>
						<line number="2578" hits="0"/>
						<line number="2579" hits="0"/>
						<line number="2580" hits="0"/>
						<line number="2583" hits="0"/>
						<line number="2584" hits="0"/>
						<line number="2587" hits="0"/>
						<line number="2589" hits="0"/>
						<line number="2590" hits="0"/>
						<line number="2592" hits="0"/>
						<line number="2593" hits="0"/>
						<line number="2594" hits="0"/>
						<line number="2595" hits="0"/>
						<line number="2596" hits="0"/>
						<line number="2597" hits="0"/>
						<line number="2598" hits="0"/>
						<line number="2599" hits="0"/>
						<line number="2600" hits="0"/>
						<line number="2603" hits="0" branch="true" condition-coverage="0% (0/2)" missing-branches="2604,2635"/>
						<line number="2604" hits="0" branch="true" condition-coverage="0% (0/2)" missing-branches="2605,2607"/>
						<line number="2605" hits="0"/>
						<line number="2607" hits="0"/>
						<line number="2619" hits="0" branch="true" condition-coverage="0% (0/2)" missing-branches="2603,2620"/>
						<line number="2620" hits="0" branch="true" condition-coverage="0% (0/2)" missing-branches="2603,2622"/>
						<line number="2622" hits="0" branch="true" condition-coverage="0% (0/2)" missing-branches="2623,2632"/>
						<line number="2623" hits="0" branch="true" condition-coverage="0% (0/2)" missing-branches="2622,2624"/>
						<line number="2624" hits="0"/>
						<line number="2625" hits="0" branch="true" condition-coverage="0% (0/2)" missing-branches="2626,2628"/>
						<line number="2626" hits="0"/>
						<line number="2628" hits="0"/>
						<line number="2629" hits="0"/>
						<line number="2630" hits="0"/>
						<line number="2632" hits="0"/>
						<line number="2633" hits="0"/>
						<line number="2635" hits="0"/>
						<line number="2636" hits="0"/>
						<line number="2637" hits="0"/>
						<line number="2638" hits="0"/>
						<line number="2639" hits="0"/>
						<line number="2641" hits="0"/>
						<line number="2642" hits="0"/>
						<line number="2645" hits="0"/>
						<line number="2646" hits="0"/>
						<line number="2648" hits="0"/>
						<line number="2650" hits="0"/>
						<line number="2651" hits="0"/>
						<line number="2653" hits="0"/>
						<line number="2655" hits="0"/>
						<line number="2656" hits="0"/>
						<line number="2659" hits="1"/>
						<line number="2661" hits="1"/>
						<line number="2662" hits="1"/>
						<line number="2664" hits="1"/>
						<line number="2665" hits="1"/>
						<line number="2667" hits="1"/>
						<line number="2670" hits="0"/>
						<line number="2673" hits="0" branch="true" condition-coverage="0% (0/2)" missing-branches="2674,2683"/>
						<line number="2674" hits="0" branch="true" condition-coverage="0% (0/2)" missing-branches="2675,2678"/>
						<line number="2675" hits="0" branch="true" condition-coverage="0% (0/2)" missing-branches="2674,2676"/>
						<line number="2676" hits="0" branch="true" condition-coverage="0% (0/2)" missing-branches="2675,2677"/>
						<line number="2677" hits="0"/>
						<line number="2678" hits="0"/>
						<line number="2683" hits="1" branch="true" condition-coverage="50% (1/2)" missing-branches="2684"/>
						<line number="2684" hits="0"/>
						<line number="2694" hits="0"/>
						<line number="2695" hits="0"/>
						<line number="2697" hits="0"/>
						<line number="2702" hits="1"/>
						<line number="2705" hits="1"/>
						<line number="2706" hits="1"/>
						<line number="2707" hits="0" branch="true" condition-coverage="0% (0/2)" missing-branches="2708,2711"/>
						<line number="2708" hits="0"/>
						<line number="2709" hits="0"/>
						<line number="2711" hits="0"/>
						<line number="2712" hits="0"/>
						<line number="2714" hits="1"/>
						<line number="2715" hits="1"/>
						<line number="2716" hits="0" branch="true" condition-coverage="0% (0/2)" missing-branches="2717,2720"/>
						<line number="2717" hits="0"/>
						<line number="2718" hits="0"/>
						<line number="2720" hits="0" branch="true" condition-coverage="0% (0/2)" missing-branches="2721,2785"/>
						<line number="2721" hits="0"/>
						<line number="2722" hits="0"/>
						<line number="2723" hits="0"/>
						<line number="2724" hits="0"/>
						<line number="2725" hits="0"/>
						<line number="2726" hits="0"/>
						<line number="2727" hits="0"/>
						<line number="2728" hits="0"/>
						<line number="2729" hits="0"/>
						<line number="2732" hits="0" branch="true" condition-coverage="0% (0/2)" missing-branches="2733,2736"/>
						<line number="2733" hits="0"/>
						<line number="2734" hits="0"/>
						<line number="2736" hits="0" branch="true" condition-coverage="0% (0/2)" missing-branches="2737,2740"/>
						<line number="2737" hits="0"/>
						<line number="2738" hits="0"/>
						<line number="2740" hits="0" branch="true" condition-coverage="0% (0/2)" missing-branches="2741,2744"/>
						<line number="2741" hits="0"/>
						<line number="2742" hits="0"/>
						<line number="2744" hits="0" branch="true" condition-coverage="0% (0/2)" missing-branches="2745,2749"/>
						<line number="2745" hits="0"/>
						<line number="2746" hits="0"/>
						<line number="2749" hits="0"/>
						<line number="2750" hits="0" branch="true" condition-coverage="0% (0/2)" missing-branches="2751,2756"/>
						<line number="2751" hits="0" branch="true" condition-coverage="0% (0/2)" missing-branches="2752,2753"/>
						<line number="2752" hits="0"/>
						<line number="2753" hits="0"/>
						<line number="2756" hits="0"/>
						<line number="2757" hits="0"/>
						<line number="2758" hits="0"/>
						<line number="2770" hits="0"/>
						<line number="2771" hits="0"/>
						<line number="2772" hits="0"/>
						<line number="2775" hits="0"/>
						<line number="2777" hits="0"/>
						<line number="2778" hits="0"/>
						<line number="2779" hits="0"/>
						<line number="2780" hits="0"/>
						<line number="2781" hits="0"/>
						<line number="2782" hits="0"/>
						<line number="2785" hits="0"/>
						<line number="2787" hits="1"/>
						<line number="2788" hits="1"/>
						<line number="2789" hits="0" branch="true" condition-coverage="0% (0/2)" missing-branches="2790,2793"/>
						<line number="2790" hits="0"/>
						<line number="2791" hits="0"/>
						<line number="2793" hits="0"/>
						<line number="2795" hits="0" branch="true" condition-coverage="0% (0/2)" missing-branches="2796,2849"/>
						<line number="2796" hits="0"/>
						<line number="2797" hits="0"/>
						<line number="2798" hits="0"/>
						<line number="2799" hits="0"/>
						<line number="2800" hits="0"/>
						<line number="2801" hits="0"/>
						<line number="2802" hits="0"/>
						<line number="2803" hits="0"/>
						<line number="2804" hits="0"/>
						<line number="2805" hits="0"/>
						<line number="2808" hits="0"/>
						<line number="2809" hits="0" branch="true" condition-coverage="0% (0/2)" missing-branches="2810,2813"/>
						<line number="2810" hits="0"/>
						<line number="2811" hits="0"/>
						<line number="2813" hits="0" branch="true" condition-coverage="0% (0/2)" missing-branches="2814,2817"/>
						<line number="2814" hits="0"/>
						<line number="2815" hits="0"/>
						<line number="2817" hits="0" branch="true" condition-coverage="0% (0/2)" missing-branches="2818,2822"/>
						<line number="2818" hits="0"/>
						<line number="2819" hits="0"/>
						<line number="2822" hits="0"/>
						<line number="2823" hits="0"/>
						<line number="2824" hits="0"/>
						<line number="2825" hits="0"/>
						<line number="2826" hits="0"/>
						<line number="2827" hits="0"/>
						<line number="2828" hits="0"/>
						<line number="2829" hits="0"/>
						<line number="2830" hits="0"/>
						<line number="2831" hits="0"/>
						<line number="2834" hits="0" branch="true" condition-coverage="0% (0/2)" missing-branches="2835,2837"/>
						<line number="2835" hits="0"/>
						<line number="2837" hits="0"/>
						<line number="2839" hits="0"/>
						<line number="2840" hits="0"/>
						<line number="2841" hits="0"/>
						<line number="2842" hits="0"/>
						<line number="2843" hits="0"/>
						<line number="2844" hits="0"/>
						<line number="2845" hits="0"/>
						<line number="2846" hits="0"/>
						<line number="2849" hits="0"/>
						<line number="2851" hits="1"/>
						<line number="2852" hits="1"/>
						<line number="2853" hits="0" branch="true" condition-coverage="0% (0/2)" missing-branches="2854,2857"/>
						<line number="2854" hits="0"/>
						<line number="2855" hits="0"/>
						<line number="2857" hits="0"/>
						<line number="2860" hits="0" branch="true" condition-coverage="0% (0/2)" missing-branches="2861,2864"/>
						<line number="2861" hits="0"/>
						<line number="2862" hits="0"/>
						<line number="2864" hits="0"/>
						<line number="2866" hits="0"/>
						<line number="2869" hits="0"/>
						<line number="2872" hits="0"/>
						<line number="2873" hits="0"/>
						<line number="2875" hits="0"/>
						<line number="2876" hits="0"/>
						<line number="2877" hits="0"/>
						<line number="2878" hits="0"/>
						<line number="2879" hits="0"/>
						<line number="2882" hits="0"/>
						<line number="2884" hits="1"/>
						<line number="2885" hits="1"/>
						<line number="2886" hits="0" branch="true" condition-coverage="0% (0/2)" missing-branches="2887,2889"/>
						<line number="2887" hits="0"/>
						<line number="2889" hits="0"/>
						<line number="2890" hits="0" branch="true" condition-coverage="0% (0/2)" missing-branches="2891,2894"/>
						<line number="2891" hits="0"/>
						<line number="2892" hits="0"/>
						<line number="2894" hits="0" branch="true" condition-coverage="0% (0/2)" missing-branches="2895,2939"/>
						<line number="2895" hits="0"/>
						<line number="2896" hits="0"/>
						<line number="2897" hits="0"/>
						<line number="2900" hits="0" branch="true" condition-coverage="0% (0/2)" missing-branches="2901,2905"/>
						<line number="2901" hits="0"/>
						<line number="2902" hits="0"/>
						<line number="2905" hits="0" branch="true" condition-coverage="0% (0/2)" missing-branches="2906,2910"/>
						<line number="2906" hits="0"/>
						<line number="2907" hits="0"/>
						<line number="2910" hits="0"/>
						<line number="2911" hits="0" branch="true" condition-coverage="0% (0/2)" missing-branches="2912,2917"/>
						<line number="2912" hits="0" branch="true" condition-coverage="0% (0/2)" missing-branches="2913,2914"/>
						<line number="2913" hits="0"/>
						<line number="2914" hits="0"/>
						<line number="2917" hits="0"/>
						<line number="2918" hits="0"/>
						<line number="2919" hits="0"/>
						<line number="2920" hits="0"/>
						<line number="2923" hits="0" branch="true" condition-coverage="0% (0/2)" missing-branches="2924,2926"/>
						<line number="2924" hits="0"/>
						<line number="2926" hits="0"/>
						<line number="2928" hits="0"/>
						<line number="2930" hits="0"/>
						<line number="2931" hits="0"/>
						<line number="2932" hits="0"/>
						<line number="2933" hits="0"/>
						<line number="2934" hits="0"/>
						<line number="2935" hits="0"/>
						<line number="2936" hits="0"/>
						<line number="2939" hits="0"/>
						<line number="2941" hits="1"/>
						<line number="2942" hits="1"/>
						<line number="2943" hits="0" branch="true" condition-coverage="0% (0/2)" missing-branches="2944,2946"/>
						<line number="2944" hits="0"/>
						<line number="2946" hits="0"/>
						<line number="2947" hits="0" branch="true" condition-coverage="0% (0/2)" missing-branches="2948,2951"/>
						<line number="2948" hits="0"/>
						<line number="2949" hits="0"/>
						<line number="2951" hits="0" branch="true" condition-coverage="0% (0/2)" missing-branches="2952,2979"/>
						<line number="2952" hits="0"/>
						<line number="2953" hits="0"/>
						<line number="2954" hits="0"/>
						<line number="2955" hits="0"/>
						<line number="2958" hits="0"/>
						<line number="2959" hits="0" branch="true" condition-coverage="0% (0/2)" missing-branches="2960,2964"/>
						<line number="2960" hits="0"/>
						<line number="2961" hits="0"/>
						<line number="2964" hits="0"/>
						<line number="2965" hits="0"/>
						<line number="2966" hits="0"/>
						<line number="2967" hits="0"/>
						<line number="2969" hits="0"/>
						<line number="2970" hits="0"/>
						<line number="2971" hits="0"/>
						<line number="2972" hits="0"/>
						<line number="2973" hits="0"/>
						<line number="2974" hits="0"/>
						<line number="2975" hits="0"/>
						<line number="2976" hits="0"/>
						<line number="2979" hits="0"/>
						<line number="2982" hits="1"/>
						<line number="2983" hits="1"/>
						<line number="2984" hits="0" branch="true" condition-coverage="0% (0/2)" missing-branches="2985,2988"/>
						<line number="2985" hits="0"/>
						<line number="2988" hits="0"/>
						<line number="2989" hits="0"/>
						<line number="2992" hits="0"/>
						<line number="3004" hits="0" branch="true" condition-coverage="0% (0/2)" missing-branches="3005,3008"/>
						<line number="3005" hits="0"/>
						<line number="3008" hits="0" branch="true" condition-coverage="0% (0/2)" missing-branches="3009,3011"/>
						<line number="3009" hits="0"/>
						<line number="3011" hits="0"/>
						<line number="3013" hits="0"/>
						<line number="3015" hits="1"/>
						<line number="3016" hits="1"/>
						<line number="3017" hits="0" branch="true" condition-coverage="0% (0/2)" missing-branches="3018,3020"/>
						<line number="3018" hits="0"/>
						<line number="3020" hits="0" branch="true" condition-coverage="0% (0/2)" missing-branches="3024,3057"/>
						<line number="3024" hits="0"/>
						<line number="3042" hits="0"/>
						<line number="3043" hits="0"/>
						<line number="3046" hits="0"/>
						<line number="3054" hits="0"/>
						<line number="3055" hits="0"/>
						<line number="3057" hits="0"/>
						<line number="3059" hits="1"/>
						<line number="3060" hits="1"/>
						<line number="3061" hits="0" branch="true" condition-coverage="0% (0/2)" missing-branches="3062,3064"/>
						<line number="3062" hits="0"/>
						<line number="3064" hits="0"/>
						<line number="3066" hits="0" branch="true" condition-coverage="0% (0/2)" missing-branches="3068,3113"/>
						<line number="3068" hits="0"/>
						<line number="3069" hits="0"/>
						<line number="3072" hits="0"/>
						<line number="3073" hits="0"/>
						<line number="3074" hits="0"/>
						<line number="3075" hits="0"/>
						<line number="3076" hits="0"/>
						<line number="3077" hits="0"/>
[...]
						<line number="3213" hits="0"/>
						<line number="3214" hits="0"/>
						<line number="3217" hits="0"/>
						<line number="3225" hits="0"/>
						<line number="3226" hits="0"/>
						<line number="3228" hits="0"/>
						<line number="3230" hits="1"/>
						<line number="3231" hits="1"/>
						<line number="3232" hits="0" branch="true" condition-coverage="0% (0/2)" missing-branches="3233,3235"/>
						<line number="3233" hits="0"/>
						<line number="3235" hits="0"/>
						<line number="3237" hits="0" branch="true" condition-coverage="0% (0/2)" missing-branches="3239,3285"/>
						<line number="3239" hits="0"/>
						<line number="3240" hits="0"/>
						<line number="3242" hits="0"/>
						<line number="3243" hits="0"/>
						<line number="3244" hits="0"/>
						<line number="3245" hits="0"/>
						<line number="3246" hits="0"/>
						<line number="3247" hits="0"/>
						<line number="3248" hits="0"/>
						<line number="3249" hits="0"/>
						<line number="3250" hits="0"/>
						<line number="3251" hits="0"/>
						<line number="3252" hits="0"/>
						<line number="3253" hits="0"/>
						<line number="3256" hits="0" branch="true" condition-coverage="0% (0/2)" missing-branches="3257,3263"/>
						<line number="3257" hits="0"/>
						<line number="3258" hits="0"/>
						<line number="3259" hits="0"/>
						<line number="3260" hits="0"/>
						<line number="3261" hits="0"/>
						<line number="3263" hits="0"/>
						<line number="3265" hits="0"/>
						<line number="3268" hits="0"/>
						<line number="3269" hits="0" branch="true" condition-coverage="0% (0/2)" missing-branches="3270,3271"/>
						<line number="3270" hits="0"/>
						<line number="3271" hits="0" branch="true" condition-coverage="0% (0/2)" missing-branches="3272,3274"/>
						<line number="3272" hits="0"/>
						<line number="3274" hits="0"/>
						<line number="3282" hits="0"/>
						<line number="3283" hits="0"/>
						<line number="3285" hits="0"/>
						<line number="3288" hits="1"/>
						<line number="3289" hits="1"/>
						<line number="3290" hits="0" branch="true" condition-coverage="0% (0/2)" missing-branches="3291,3293"/>
						<line number="3291" hits="0"/>
						<line number="3293" hits="0"/>
						<line number="3296" hits="0"/>
						<line number="3297" hits="0" branch="true" condition-coverage="0% (0/2)" missing-branches="3298,3312"/>
						<line number="3298" hits="0"/>
						<line number="3312" hits="0"/>
						<line number="3314" hits="0"/>
						<line number="3316" hits="1"/>
						<line number="3317" hits="1"/>
						<line number="3318" hits="0" branch="true" condition-coverage="0% (0/2)" missing-branches="3319,3321"/>
						<line number="3319" hits="0"/>
						<line number="3321" hits="0"/>
						<line number="3324" hits="0"/>
						<line number="3325" hits="0" branch="true" condition-coverage="0% (0/2)" missing-branches="3326,3347"/>
						<line number="3326" hits="0"/>
						<line number="3347" hits="0"/>
						<line number="3349" hits="0"/>
						<line number="3351" hits="1"/>
						<line number="3352" hits="1"/>
						<line number="3353" hits="0" branch="true" condition-coverage="0% (0/2)" missing-branches="3354,3356"/>
						<line number="3354" hits="0"/>
						<line number="3356" hits="0"/>
						<line number="3359" hits="0"/>
						<line number="3360" hits="0" branch="true" condition-coverage="0% (0/2)" missing-branches="3361,3380"/>
						<line number="3361" hits="0"/>
						<line number="3380" hits="0"/>
						<line number="3382" hits="0"/>
						<line number="3384" hits="1"/>
						<line number="3385" hits="1"/>
						<line number="3386" hits="0" branch="true" condition-coverage="0% (0/2)" missing-branches="3387,3390"/>
						<line number="3387" hits="0"/>
						<line number="3390" hits="0"/>
						<line number="3393" hits="0"/>
						<line number="3394" hits="0" branch="true" condition-coverage="0% (0/2)" missing-branches="3395,3408"/>
						<line number="3395" hits="0"/>
						<line number="3408" hits="0"/>
						<line number="3410" hits="0"/>
						<line number="3413" hits="1"/>
						<line number="3414" hits="1"/>
						<line number="3415" hits="0"/>
						<line number="3417" hits="1"/>
						<line number="3418" hits="1"/>
						<line number="3419" hits="0" branch="true" condition-coverage="0% (0/2)" missing-branches="3420,3423"/>
						<line number="3420" hits="0"/>
						<line number="3423" hits="0"/>
						<line number="3426" hits="0"/>
						<line number="3427" hits="0" branch="true" condition-coverage="0% (0/2)" missing-branches="3428,3446"/>
						<line number="3428" hits="0"/>
						<line number="3446" hits="0"/>
						<line number="3448" hits="0" branch="true" condition-coverage="0% (0/2)" missing-branches="3450,3462"/>
						<line number="3450" hits="0"/>
						<line number="3451" hits="0"/>
						<line number="3452" hits="0"/>
						<line number="3453" hits="0"/>
						<line number="3455" hits="0"/>
						<line number="3462" hits="0" branch="true" condition-coverage="0% (0/2)" missing-branches="3464,3476"/>
						<line number="3464" hits="0"/>
						<line number="3465" hits="0"/>
						<line number="3466" hits="0"/>
						<line number="3467" hits="0"/>
						<line number="3469" hits="0"/>
						<line number="3476" hits="0" branch="true" condition-coverage="0% (0/2)" missing-branches="3478,3513"/>
						<line number="3478" hits="0"/>
						<line number="3479" hits="0"/>
						<line number="3482" hits="0"/>
						<line number="3483" hits="0" branch="true" condition-coverage="0% (0/2)" missing-branches="3484,3487"/>
						<line number="3484" hits="0"/>
						<line number="3487" hits="0"/>
						<line number="3488" hits="0"/>
						<line number="3501" hits="0"/>
						<line number="3502" hits="0"/>
						<line number="3504" hits="0"/>
						<line number="3505" hits="0"/>
						<line number="3513" hits="0"/>
						<line number="3514" hits="0"/>
						<line number="3516" hits="1"/>
						<line number="3517" hits="1"/>
						<line number="3518" hits="0" branch="true" condition-coverage="0% (0/2)" missing-branches="3519,3522"/>
						<line number="3519" hits="0"/>
						<line number="3522" hits="0"/>
						<line number="3525" hits="0"/>
						<line number="3526" hits="0" branch="true" condition-coverage="0% (0/2)" missing-branches="3527,3546"/>
						<line number="3527" hits="0"/>
						<line number="3546" hits="0"/>
						<line number="3548" hits="0"/>
						<line number="3550" hits="1"/>
						<line number="3551" hits="1"/>
						<line number="3552" hits="0" branch="true" condition-coverage="0% (0/2)" missing-branches="3553,3555"/>
						<line number="3553" hits="0"/>
						<line number="3555" hits="0"/>
						<line number="3556" hits="0"/>
						<line number="3557" hits="0"/>
						<line number="3559" hits="0"/>
						<line number="3560" hits="0"/>
						<line number="3561" hits="0"/>
						<line number="3563" hits="0"/>
						<line number="3571" hits="0"/>
						<line number="3572" hits="0"/>
						<line number="3573" hits="0"/>
						<line number="3574" hits="0"/>
						<line number="3577" hits="0"/>
						<line number="3580" hits="1"/>
						<line number="3581" hits="1"/>
						<line number="3582" hits="0" branch="true" condition-coverage="0% (0/2)" missing-branches="3583,3585"/>
						<line number="3583" hits="0"/>
						<line number="3585" hits="0"/>
						<line number="3586" hits="0"/>
						<line number="3594" hits="1"/>
						<line number="3595" hits="1"/>
						<line number="3596" hits="0" branch="true" condition-coverage="0% (0/2)" missing-branches="3597,3599"/>
						<line number="3597" hits="0"/>
						<line number="3599" hits="0"/>
						<line number="3600" hits="0"/>
						<line number="3609" hits="1"/>
						<line number="3610" hits="1"/>
						<line number="3612" hits="0"/>
						<line number="3614" hits="0"/>
						<line number="3615" hits="0" branch="true" condition-coverage="0% (0/2)" missing-branches="3616,3619"/>
						<line number="3616" hits="0"/>
						<line number="3619" hits="0"/>
						<line number="3621" hits="0"/>
						<line number="3623" hits="0"/>
						<line number="3631" hits="0"/>
						<line number="3633" hits="0"/>
						<line number="3635" hits="0"/>
						<line number="3637" hits="1"/>
						<line number="3638" hits="1"/>
						<line number="3640" hits="0"/>
						<line number="3642" hits="0"/>
						<line number="3643" hits="0" branch="true" condition-coverage="0% (0/2)" missing-branches="3644,3647"/>
						<line number="3644" hits="0"/>
						<line number="3647" hits="0"/>
						<line number="3648" hits="0"/>
						<line number="3649" hits="0"/>
						<line number="3651" hits="0"/>
						<line number="3652" hits="0"/>
						<line number="3654" hits="0"/>
						<line number="3655" hits="0" branch="true" condition-coverage="0% (0/2)" missing-branches="3651,3656"/>
						<line number="3656" hits="0"/>
						<line number="3657" hits="0"/>
						<line number="3659" hits="0" branch="true" condition-coverage="0% (0/2)" missing-branches="3651,3661"/>
						<line number="3661" hits="0"/>
						<line number="3662" hits="0"/>
						<line number="3665" hits="0"/>
						<line number="3667" hits="0"/>
						<line number="3670" hits="0"/>
						<line number="3676" hits="0"/>
						<line number="3678" hits="0"/>
						<line number="3680" hits="1"/>
						<line number="3681" hits="1"/>
						<line number="3683" hits="0" branch="true" condition-coverage="0% (0/2)" missing-branches="3684,3686"/>
						<line number="3684" hits="0"/>
						<line number="3686" hits="0"/>
						<line number="3687" hits="0" branch="true" condition-coverage="0% (0/2)" missing-branches="3688,3692"/>
						<line number="3688" hits="0"/>
						<line number="3689" hits="0"/>
						<line number="3692" hits="0"/>
						<line number="3693" hits="0"/>
						<line number="3695" hits="0"/>
						<line number="3696" hits="0"/>
						<line number="3699" hits="0" branch="true" condition-coverage="0% (0/2)" missing-branches="3700,3701"/>
						<line number="3700" hits="0"/>
						<line number="3701" hits="0" branch="true" condition-coverage="0% (0/2)" missing-branches="3703,3708"/>
						<line number="3703" hits="0" branch="true" condition-coverage="0% (0/2)" missing-branches="3704,3707"/>
						<line number="3704" hits="0"/>
						<line number="3707" hits="0"/>
						<line number="3708" hits="0"/>
						<line number="3709" hits="0"/>
						<line number="3712" hits="0"/>
						<line number="3715" hits="0"/>
						<line number="3716" hits="0" branch="true" condition-coverage="0% (0/2)" missing-branches="3717,3720"/>
						<line number="3717" hits="0" branch="true" condition-coverage="0% (0/2)" missing-branches="3716,3718"/>
						<line number="3718" hits="0"/>
						<line number="3720" hits="0" branch="true" condition-coverage="0% (0/2)" missing-branches="3722,3725"/>
						<line number="3722" hits="0"/>
						<line number="3723" hits="0"/>
						<line number="3725" hits="0" branch="true" condition-coverage="0% (0/2)" missing-branches="3727,3739"/>
						<line number="3727" hits="0"/>
						<line number="3728" hits="0"/>
						<line number="3729" hits="0" branch="true" condition-coverage="0% (0/2)" missing-branches="3730,3739"/>
						<line number="3730" hits="0"/>
						<line number="3732" hits="0"/>
						<line number="3733" hits="0"/>
						<line number="3735" hits="0"/>
						<line number="3739" hits="0" branch="true" condition-coverage="0% (0/2)" missing-branches="3740,3761"/>
						<line number="3740" hits="0"/>
						<line number="3757" hits="0"/>
						<line number="3758" hits="0"/>
						<line number="3761" hits="0" branch="true" condition-coverage="0% (0/2)" missing-branches="3762,3773"/>
						<line number="3762" hits="0"/>
						<line number="3773" hits="0"/>
						<line number="3775" hits="1"/>
						<line number="3776" hits="1"/>
						<line number="3778" hits="0" branch="true" condition-coverage="0% (0/2)" missing-branches="3779,3781"/>
						<line number="3779" hits="0"/>
						<line number="3781" hits="0"/>
						<line number="3782" hits="0" branch="true" condition-coverage="0% (0/2)" missing-branches="3783,3786"/>
						<line number="3783" hits="0"/>
						<line number="3784" hits="0"/>
						<line number="3786" hits="0"/>
						<line number="3788" hits="0"/>
						<line number="3789" hits="0"/>
						<line number="3790" hits="0"/>
						<line number="3911" hits="0"/>
						<line number="3912" hits="0"/>
						<line number="3915" hits="0"/>
						<line number="3917" hits="0"/>
						<line number="3918" hits="0"/>
						<line number="3921" hits="0"/>
						<line number="3926" hits="0"/>
						<line number="3930" hits="0"/>
						<line number="3933" hits="0"/>
						<line number="3936" hits="0"/>
						<line number="3940" hits="0" branch="true" condition-coverage="0% (0/2)" missing-branches="3941,4029"/>
						<line number="3941" hits="0"/>
						<line number="3944" hits="0"/>
						<line number="3945" hits="0"/>
						<line number="3946" hits="0"/>
						<line number="3947" hits="0"/>
						<line number="3948" hits="0"/>
						<line number="3950" hits="0" branch="true" condition-coverage="0% (0/2)" missing-branches="3951,4010"/>
						<line number="3951" hits="0"/>
						<line number="3953" hits="0" branch="true" condition-coverage="0% (0/2)" missing-branches="3950,3980"/>
						<line number="3980" hits="0"/>
						<line number="3981" hits="0"/>
						<line number="3982" hits="0"/>
						<line number="3983" hits="0"/>
						<line number="3986" hits="0"/>
						<line number="3987" hits="0"/>
						<line number="3988" hits="0"/>
						<line number="3991" hits="0"/>
						<line number="3992" hits="0"/>
						<line number="3994" hits="0"/>
						<line number="4005" hits="0"/>
						<line number="4006" hits="0"/>
						<line number="4007" hits="0"/>
						<line number="4008" hits="0"/>
						<line number="4010" hits="0"/>
						<line number="4011" hits="0"/>
						<line number="4013" hits="0"/>
						<line number="4029" hits="0"/>
						<line number="4031" hits="0"/>
						<line number="4033" hits="0"/>
						<line number="4039" hits="0" branch="true" condition-coverage="0% (0/2)" missing-branches="4040,4043"/>
						<line number="4040" hits="0"/>
						<line number="4043" hits="0"/>
						<line number="4044" hits="0"/>
						<line number="4047" hits="0"/>
						<line number="4048" hits="0"/>
						<line number="4050" hits="0"/>
						<line number="4052" hits="0"/>
						<line number="4054" hits="0"/>
						<line number="4056" hits="0"/>
						<line number="4058" hits="0"/>
						<line number="4060" hits="0"/>
						<line number="4062" hits="1"/>
						<line number="4063" hits="1"/>
						<line number="4065" hits="0" branch="true" condition-coverage="0% (0/2)" missing-branches="4066,4068"/>
						<line number="4066" hits="0"/>
						<line number="4068" hits="0"/>
						<line number="4069" hits="0" branch="true" condition-coverage="0% (0/2)" missing-branches="4070,4074"/>
						<line number="4070" hits="0"/>
						<line number="4071" hits="0"/>
						<line number="4074" hits="0"/>
						<line number="4082" hits="0"/>
						<line number="4084" hits="1"/>
						<line number="4085" hits="1"/>
						<line number="4087" hits="0" branch="true" condition-coverage="0% (0/2)" missing-branches="4088,4090"/>
						<line number="4088" hits="0"/>
						<line number="4090" hits="0"/>
						<line number="4091" hits="0" branch="true" condition-coverage="0% (0/2)" missing-branches="4092,4096"/>
						<line number="4092" hits="0"/>
						<line number="4093" hits="0"/>
						<line number="4096" hits="0"/>
						<line number="4106" hits="0"/>
					</lines>
				</class>
			</classes>
		</package>
		<package name="utils" line-rate="0" branch-rate="0" complexity="0">
			<classes>
				<class name="2fa_utils.py" filename="utils/2fa_utils.py" complexity="0" line-rate="0" branch-rate="0">
					<methods/>
					<lines>
						<line number="7" hits="0"/>
						<line number="8" hits="0"/>
						<line number="9" hits="0"/>
						<line number="10" hits="0"/>
						<line number="11" hits="0"/>
						<line number="12" hits="0"/>
						<line number="13" hits="0"/>
						<line number="14" hits="0"/>
						<line number="15" hits="0"/>
						<line number="16" hits="0"/>
						<line number="17" hits="0"/>
						<line number="18" hits="0"/>
						<line number="21" hits="0"/>
						<line number="23" hits="0"/>
						<line number="25" hits="0"/>
						<line number="27" hits="0"/>
						<line number="29" hits="0" branch="true" condition-coverage="0% (0/2)" missing-branches="30,34"/>
						<line number="30" hits="0"/>
						<line number="34" hits="0"/>
						<line number="40" hits="0"/>
						<line number="42" hits="0"/>
						<line number="44" hits="0"/>
						<line number="58" hits="0"/>
						<line number="59" hits="0"/>
						<line number="60" hits="0"/>
						<line number="61" hits="0"/>
						<line number="62" hits="0"/>
						<line number="63" hits="0"/>
						<line number="65" hits="0"/>
						<line number="79" hits="0"/>
						<line number="80" hits="0"/>
						<line number="81" hits="0"/>
						<line number="82" hits="0"/>
						<line number="83" hits="0"/>
						<line number="84" hits="0"/>
						<line number="85" hits="0"/>
						<line number="87" hits="0"/>
						<line number="94" hits="0"/>
						<line number="96" hits="0"/>
						<line number="106" hits="0"/>
						<line number="107" hits="0" branch="true" condition-coverage="0% (0/2)" missing-branches="109,111"/>
						<line number="109" hits="0"/>
						<line number="110" hits="0"/>
						<line number="111" hits="0"/>
						<line number="113" hits="0"/>
						<line number="123" hits="0"/>
						<line number="125" hits="0"/>
						<line number="136" hits="0" branch="true" condition-coverage="0% (0/2)" missing-branches="137,142"/>
						<line number="137" hits="0"/>
						<line number="138" hits="0" branch="true" condition-coverage="0% (0/2)" missing-branches="136,139"/>
						<line number="139" hits="0"/>
						<line number="142" hits="0"/>
						<line number="144" hits="0"/>
						<line number="157" hits="0"/>
						<line number="158" hits="0"/>
						<line number="164" hits="0"/>
						<line number="170" hits="0"/>
						<line number="171" hits="0"/>
						<line number="174" hits="0"/>
						<line number="177" hits="0"/>
						<line number="178" hits="0"/>
						<line number="179" hits="0"/>
						<line number="181" hits="0"/>
						<line number="193" hits="0"/>
						<line number="194" hits="0"/>
						<line number="195" hits="0"/>
						<line number="199" hits="0"/>
						<line number="209" hits="0"/>
						<line number="210" hits="0"/>
						<line number="211" hits="0"/>
						<line number="212" hits="0"/>
						<line number="214" hits="0"/>
						<line number="224" hits="0"/>
						<line number="226" hits="0"/>
						<line number="237" hits="0"/>
						<line number="238" hits="0" branch="true" condition-coverage="0% (0/2)" missing-branches="239,240"/>
						<line number="239" hits="0"/>
						<line number="240" hits="0"/>
						<line number="242" hits="0"/>
						<line number="254" hits="0"/>
						<line number="255" hits="0"/>
						<line number="257" hits="0"/>
						<line number="267" hits="0"/>
						<line number="269" hits="0" branch="true" condition-coverage="0% (0/2)" missing-branches="270,273"/>
						<line number="270" hits="0"/>
						<line number="273" hits="0"/>
						<line number="275" hits="0"/>
						<line number="276" hits="0"/>
						<line number="280" hits="0"/>
						<line number="290" hits="0"/>
						<line number="291" hits="0"/>
						<line number="294" hits="0"/>
						<line number="295" hits="0"/>
						<line number="296" hits="0"/>
						<line number="297" hits="0"/>
						<line number="298" hits="0"/>
						<line number="301" hits="0"/>
						<line number="302" hits="0"/>
						<line number="303" hits="0"/>
						<line number="304" hits="0"/>
						<line number="305" hits="0"/>
						<line number="306" hits="0"/>
						<line number="307" hits="0"/>
					</lines>
				</class>
			</classes>
		</package>
	</packages>
</coverage>
